2019-02-18 11:54:05,553 INFO  o.s.t.c.s.DefaultTestContextBootstrapper - Loaded default TestExecutionListener class names from location [META-INF/spring.factories]: [org.springframework.test.context.web.ServletTestExecutionListener, org.springframework.test.context.support.DirtiesContextBeforeModesTestExecutionListener, org.springframework.test.context.support.DependencyInjectionTestExecutionListener, org.springframework.test.context.support.DirtiesContextTestExecutionListener, org.springframework.test.context.transaction.TransactionalTestExecutionListener, org.springframework.test.context.jdbc.SqlScriptsTestExecutionListener]
2019-02-18 11:54:05,568 INFO  o.s.t.c.s.DefaultTestContextBootstrapper - Could not instantiate TestExecutionListener [org.springframework.test.context.web.ServletTestExecutionListener]. Specify custom listener classes or make the default listener classes (and their required dependencies) available. Offending class: [javax/servlet/ServletContext]
2019-02-18 11:54:05,581 INFO  o.s.t.c.s.DefaultTestContextBootstrapper - Using TestExecutionListeners: [org.springframework.test.context.support.DirtiesContextBeforeModesTestExecutionListener@60cf62ad, org.springframework.test.context.support.DependencyInjectionTestExecutionListener@1e0895f5, org.springframework.test.context.support.DirtiesContextTestExecutionListener@1ac4ccad, org.springframework.test.context.transaction.TransactionalTestExecutionListener@fd9ebde, org.springframework.test.context.jdbc.SqlScriptsTestExecutionListener@14982a82]
2019-02-18 11:54:05,918 INFO  o.s.t.c.s.DefaultTestContextBootstrapper - Loaded default TestExecutionListener class names from location [META-INF/spring.factories]: [org.springframework.test.context.web.ServletTestExecutionListener, org.springframework.test.context.support.DirtiesContextBeforeModesTestExecutionListener, org.springframework.test.context.support.DependencyInjectionTestExecutionListener, org.springframework.test.context.support.DirtiesContextTestExecutionListener, org.springframework.test.context.transaction.TransactionalTestExecutionListener, org.springframework.test.context.jdbc.SqlScriptsTestExecutionListener]
2019-02-18 11:54:05,920 INFO  o.s.t.c.s.DefaultTestContextBootstrapper - Could not instantiate TestExecutionListener [org.springframework.test.context.web.ServletTestExecutionListener]. Specify custom listener classes or make the default listener classes (and their required dependencies) available. Offending class: [javax/servlet/ServletContext]
2019-02-18 11:54:05,920 INFO  o.s.t.c.s.DefaultTestContextBootstrapper - Using TestExecutionListeners: [org.springframework.test.context.support.DirtiesContextBeforeModesTestExecutionListener@1544ded3, org.springframework.test.context.support.DependencyInjectionTestExecutionListener@3ccb12d, org.springframework.test.context.support.DirtiesContextTestExecutionListener@28b458e6, org.springframework.test.context.transaction.TransactionalTestExecutionListener@221ca495, org.springframework.test.context.jdbc.SqlScriptsTestExecutionListener@119d4443]
2019-02-18 11:54:06,098 INFO  o.s.c.s.GenericApplicationContext - Refreshing org.springframework.context.support.GenericApplicationContext@4b476233: startup date [Mon Feb 18 11:54:06 IST 2019]; root of context hierarchy
2019-02-18 11:54:06,826 INFO  o.s.b.f.a.AutowiredAnnotationBeanPostProcessor - JSR-330 'javax.inject.Inject' annotation found and supported for autowiring
2019-02-18 11:54:09,406 INFO  com.github.fakemongo.FongoConnection - updateCommand() namespace:test-db.collectors updates:[com.mongodb.bulk.UpdateRequest@39fd1bfd]
2019-02-18 11:54:09,432 INFO  com.github.fakemongo.FongoConnection - release()
2019-02-18 11:54:09,434 INFO  com.github.fakemongo.FongoConnection - updateCommand() namespace:test-db.collectors updates:[com.mongodb.bulk.UpdateRequest@754e3050]
2019-02-18 11:54:09,437 INFO  com.github.fakemongo.FongoConnection - release()
2019-02-18 11:54:09,442 INFO  com.github.fakemongo.FongoConnection - updateCommand() namespace:test-db.collectors updates:[com.mongodb.bulk.UpdateRequest@58f49b5e]
2019-02-18 11:54:09,445 INFO  com.github.fakemongo.FongoConnection - release()
2019-02-18 11:54:09,446 INFO  com.github.fakemongo.FongoConnection - updateCommand() namespace:test-db.collectors updates:[com.mongodb.bulk.UpdateRequest@33957e5b]
2019-02-18 11:54:09,450 INFO  com.github.fakemongo.FongoConnection - release()
2019-02-18 11:54:09,455 INFO  com.github.fakemongo.FongoConnection - updateCommand() namespace:test-db.collectors updates:[com.mongodb.bulk.UpdateRequest@188496fd]
2019-02-18 11:54:09,458 INFO  com.github.fakemongo.FongoConnection - release()
2019-02-18 11:54:09,467 INFO  com.github.fakemongo.FongoConnection - updateCommand() namespace:test-db.components updates:[com.mongodb.bulk.UpdateRequest@1cccf90d]
2019-02-18 11:54:09,475 INFO  com.github.fakemongo.FongoConnection - release()
2019-02-18 11:54:09,488 INFO  com.github.fakemongo.FongoConnection - updateCommand() namespace:test-db.collector_items updates:[com.mongodb.bulk.UpdateRequest@78e1625f]
2019-02-18 11:54:09,492 INFO  com.github.fakemongo.FongoConnection - release()
2019-02-18 11:54:09,494 INFO  com.github.fakemongo.FongoConnection - updateCommand() namespace:test-db.collector_items updates:[com.mongodb.bulk.UpdateRequest@446e20c0]
2019-02-18 11:54:09,496 INFO  com.github.fakemongo.FongoConnection - release()
2019-02-18 11:54:09,497 INFO  com.github.fakemongo.FongoConnection - updateCommand() namespace:test-db.collector_items updates:[com.mongodb.bulk.UpdateRequest@3f11add1]
2019-02-18 11:54:09,498 INFO  com.github.fakemongo.FongoConnection - release()
2019-02-18 11:54:09,499 INFO  com.github.fakemongo.FongoConnection - updateCommand() namespace:test-db.collector_items updates:[com.mongodb.bulk.UpdateRequest@2ae7ee25]
2019-02-18 11:54:09,502 INFO  com.github.fakemongo.FongoConnection - release()
2019-02-18 11:54:09,503 INFO  com.github.fakemongo.FongoConnection - updateCommand() namespace:test-db.collector_items updates:[com.mongodb.bulk.UpdateRequest@596792bc]
2019-02-18 11:54:09,504 INFO  com.github.fakemongo.FongoConnection - release()
2019-02-18 11:54:09,505 INFO  com.github.fakemongo.FongoConnection - updateCommand() namespace:test-db.collector_items updates:[com.mongodb.bulk.UpdateRequest@6cbac170]
2019-02-18 11:54:09,507 INFO  com.github.fakemongo.FongoConnection - release()
2019-02-18 11:54:09,512 INFO  com.github.fakemongo.FongoConnection - updateCommand() namespace:test-db.collector_items updates:[com.mongodb.bulk.UpdateRequest@5ef79613]
2019-02-18 11:54:09,513 INFO  com.github.fakemongo.FongoConnection - release()
2019-02-18 11:54:09,513 INFO  com.github.fakemongo.FongoConnection - updateCommand() namespace:test-db.collector_items updates:[com.mongodb.bulk.UpdateRequest@4bf4cd2e]
2019-02-18 11:54:09,516 INFO  com.github.fakemongo.FongoConnection - release()
2019-02-18 11:54:09,517 INFO  com.github.fakemongo.FongoConnection - updateCommand() namespace:test-db.collector_items updates:[com.mongodb.bulk.UpdateRequest@2ee3549e]
2019-02-18 11:54:09,518 INFO  com.github.fakemongo.FongoConnection - release()
2019-02-18 11:54:09,520 INFO  com.github.fakemongo.FongoConnection - updateCommand() namespace:test-db.collector_items updates:[com.mongodb.bulk.UpdateRequest@14e8a173]
2019-02-18 11:54:09,520 INFO  com.github.fakemongo.FongoConnection - release()
2019-02-18 11:54:09,522 INFO  com.github.fakemongo.FongoConnection - updateCommand() namespace:test-db.collector_items updates:[com.mongodb.bulk.UpdateRequest@764dfaf3]
2019-02-18 11:54:09,524 INFO  com.github.fakemongo.FongoConnection - release()
2019-02-18 11:54:09,524 INFO  com.github.fakemongo.FongoConnection - updateCommand() namespace:test-db.collector_items updates:[com.mongodb.bulk.UpdateRequest@1bbdd4a9]
2019-02-18 11:54:09,525 INFO  com.github.fakemongo.FongoConnection - release()
2019-02-18 11:54:09,528 INFO  com.github.fakemongo.FongoConnection - updateCommand() namespace:test-db.collector_items updates:[com.mongodb.bulk.UpdateRequest@2fce34e4]
2019-02-18 11:54:09,530 INFO  com.github.fakemongo.FongoConnection - release()
2019-02-18 11:54:09,531 INFO  com.github.fakemongo.FongoConnection - updateCommand() namespace:test-db.collector_items updates:[com.mongodb.bulk.UpdateRequest@7efceb57]
2019-02-18 11:54:09,533 INFO  com.github.fakemongo.FongoConnection - release()
2019-02-18 11:54:09,533 INFO  com.github.fakemongo.FongoConnection - updateCommand() namespace:test-db.collector_items updates:[com.mongodb.bulk.UpdateRequest@677f0c19]
2019-02-18 11:54:09,534 INFO  com.github.fakemongo.FongoConnection - release()
2019-02-18 11:54:09,535 INFO  com.github.fakemongo.FongoConnection - updateCommand() namespace:test-db.collector_items updates:[com.mongodb.bulk.UpdateRequest@129294c3]
2019-02-18 11:54:09,535 INFO  com.github.fakemongo.FongoConnection - release()
2019-02-18 11:54:09,540 INFO  com.github.fakemongo.FongoConnection - updateCommand() namespace:test-db.collector_items updates:[com.mongodb.bulk.UpdateRequest@4ca5eb61]
2019-02-18 11:54:09,541 INFO  com.github.fakemongo.FongoConnection - release()
2019-02-18 11:54:09,544 INFO  com.github.fakemongo.FongoConnection - updateCommand() namespace:test-db.collector_items updates:[com.mongodb.bulk.UpdateRequest@551a17f1]
2019-02-18 11:54:09,545 INFO  com.github.fakemongo.FongoConnection - release()
2019-02-18 11:54:09,546 INFO  com.github.fakemongo.FongoConnection - updateCommand() namespace:test-db.collector_items updates:[com.mongodb.bulk.UpdateRequest@4a1ac68f]
2019-02-18 11:54:09,548 INFO  com.github.fakemongo.FongoConnection - release()
2019-02-18 11:54:09,548 INFO  com.github.fakemongo.FongoConnection - updateCommand() namespace:test-db.collector_items updates:[com.mongodb.bulk.UpdateRequest@4ca87783]
2019-02-18 11:54:09,550 INFO  com.github.fakemongo.FongoConnection - release()
2019-02-18 11:54:09,552 INFO  com.github.fakemongo.FongoConnection - updateCommand() namespace:test-db.collector_items updates:[com.mongodb.bulk.UpdateRequest@2f357394]
2019-02-18 11:54:09,552 INFO  com.github.fakemongo.FongoConnection - release()
2019-02-18 11:54:09,553 INFO  com.github.fakemongo.FongoConnection - updateCommand() namespace:test-db.collector_items updates:[com.mongodb.bulk.UpdateRequest@2a155c1c]
2019-02-18 11:54:09,554 INFO  com.github.fakemongo.FongoConnection - release()
2019-02-18 11:54:09,554 INFO  com.github.fakemongo.FongoConnection - updateCommand() namespace:test-db.collector_items updates:[com.mongodb.bulk.UpdateRequest@36a7c96f]
2019-02-18 11:54:09,555 INFO  com.github.fakemongo.FongoConnection - release()
2019-02-18 11:54:09,555 INFO  com.github.fakemongo.FongoConnection - updateCommand() namespace:test-db.collector_items updates:[com.mongodb.bulk.UpdateRequest@393ca457]
2019-02-18 11:54:09,556 INFO  com.github.fakemongo.FongoConnection - release()
2019-02-18 11:54:09,593 INFO  c.c.d.collector.AuditCollectorUtil - NFRR Audit Collector creates Audit API URL
2019-02-18 11:54:09,603 INFO  c.c.d.collector.AuditCollectorUtil - NFRR Audit Collector Audit API Call
2019-02-18 11:54:10,135 ERROR c.c.d.collector.AuditCollectorUtil - Error while calling audit api for the params : ?title=auditTestDashboard&businessService&businessApplication&beginDate=1537824736000&endDate=1540503701000&auditType=CODE_REVIEW,CODE_QUALITY,STATIC_SECURITY_ANALYSIS,LIBRARY_POLICY,TEST_RESULT,PERF_TEST
org.springframework.web.client.ResourceAccessException: I/O error on GET request for "http://localhost:8081/dashboardReview?title=auditTestDashboard&businessService&businessApplication&beginDate=1537824736000&endDate=1540503701000&auditType=CODE_REVIEW,CODE_QUALITY,STATIC_SECURITY_ANALYSIS,LIBRARY_POLICY,TEST_RESULT,PERF_TEST": Connection refused (Connection refused); nested exception is java.net.ConnectException: Connection refused (Connection refused)
	at org.springframework.web.client.RestTemplate.doExecute(RestTemplate.java:607) ~[spring-web-4.2.5.RELEASE.jar:4.2.5.RELEASE]
	at org.springframework.web.client.RestTemplate.execute(RestTemplate.java:557) ~[spring-web-4.2.5.RELEASE.jar:4.2.5.RELEASE]
	at org.springframework.web.client.RestTemplate.exchange(RestTemplate.java:475) ~[spring-web-4.2.5.RELEASE.jar:4.2.5.RELEASE]
	at com.capitalone.dashboard.collector.AuditCollectorUtil.parseObject(AuditCollectorUtil.java:425) [classes/:na]
	at com.capitalone.dashboard.collector.AuditCollectorUtil.getAudit(AuditCollectorUtil.java:384) [classes/:na]
	at com.capitalone.dashboard.collector.AuditCollectorTaskTest.lambda$getCollectAuditStatusData$1(AuditCollectorTaskTest.java:76) [test-classes/:na]
	at java.util.ArrayList.forEach(ArrayList.java:1257) ~[na:1.8.0_191]
	at com.capitalone.dashboard.collector.AuditCollectorTaskTest.getCollectAuditStatusData(AuditCollectorTaskTest.java:74) [test-classes/:na]
	at sun.reflect.NativeMethodAccessorImpl.invoke0(Native Method) ~[na:1.8.0_191]
	at sun.reflect.NativeMethodAccessorImpl.invoke(NativeMethodAccessorImpl.java:62) ~[na:1.8.0_191]
	at sun.reflect.DelegatingMethodAccessorImpl.invoke(DelegatingMethodAccessorImpl.java:43) ~[na:1.8.0_191]
	at java.lang.reflect.Method.invoke(Method.java:498) ~[na:1.8.0_191]
	at org.junit.runners.model.FrameworkMethod$1.runReflectiveCall(FrameworkMethod.java:50) ~[junit-4.12.jar:4.12]
	at org.junit.internal.runners.model.ReflectiveCallable.run(ReflectiveCallable.java:12) ~[junit-4.12.jar:4.12]
	at org.junit.runners.model.FrameworkMethod.invokeExplosively(FrameworkMethod.java:47) ~[junit-4.12.jar:4.12]
	at org.junit.internal.runners.statements.InvokeMethod.evaluate(InvokeMethod.java:17) ~[junit-4.12.jar:4.12]
	at org.junit.internal.runners.statements.RunBefores.evaluate(RunBefores.java:26) ~[junit-4.12.jar:4.12]
	at org.springframework.test.context.junit4.statements.RunBeforeTestMethodCallbacks.evaluate(RunBeforeTestMethodCallbacks.java:75) ~[spring-test-4.2.5.RELEASE.jar:4.2.5.RELEASE]
	at org.springframework.test.context.junit4.statements.RunAfterTestMethodCallbacks.evaluate(RunAfterTestMethodCallbacks.java:86) ~[spring-test-4.2.5.RELEASE.jar:4.2.5.RELEASE]
	at org.springframework.test.context.junit4.statements.SpringRepeat.evaluate(SpringRepeat.java:84) ~[spring-test-4.2.5.RELEASE.jar:4.2.5.RELEASE]
	at org.junit.runners.ParentRunner.runLeaf(ParentRunner.java:325) ~[junit-4.12.jar:4.12]
	at org.springframework.test.context.junit4.SpringJUnit4ClassRunner.runChild(SpringJUnit4ClassRunner.java:254) ~[spring-test-4.2.5.RELEASE.jar:4.2.5.RELEASE]
	at org.springframework.test.context.junit4.SpringJUnit4ClassRunner.runChild(SpringJUnit4ClassRunner.java:89) ~[spring-test-4.2.5.RELEASE.jar:4.2.5.RELEASE]
	at org.junit.runners.ParentRunner$3.run(ParentRunner.java:290) ~[junit-4.12.jar:4.12]
	at org.junit.runners.ParentRunner$1.schedule(ParentRunner.java:71) ~[junit-4.12.jar:4.12]
	at org.junit.runners.ParentRunner.runChildren(ParentRunner.java:288) ~[junit-4.12.jar:4.12]
	at org.junit.runners.ParentRunner.access$000(ParentRunner.java:58) ~[junit-4.12.jar:4.12]
	at org.junit.runners.ParentRunner$2.evaluate(ParentRunner.java:268) ~[junit-4.12.jar:4.12]
	at org.springframework.test.context.junit4.statements.RunBeforeTestClassCallbacks.evaluate(RunBeforeTestClassCallbacks.java:61) ~[spring-test-4.2.5.RELEASE.jar:4.2.5.RELEASE]
	at org.springframework.test.context.junit4.statements.RunAfterTestClassCallbacks.evaluate(RunAfterTestClassCallbacks.java:70) ~[spring-test-4.2.5.RELEASE.jar:4.2.5.RELEASE]
	at org.junit.runners.ParentRunner.run(ParentRunner.java:363) ~[junit-4.12.jar:4.12]
	at org.springframework.test.context.junit4.SpringJUnit4ClassRunner.run(SpringJUnit4ClassRunner.java:193) ~[spring-test-4.2.5.RELEASE.jar:4.2.5.RELEASE]
	at org.apache.maven.surefire.junit4.JUnit4Provider.execute(JUnit4Provider.java:283) ~[surefire-junit4-2.18.1.jar:2.18.1]
	at org.apache.maven.surefire.junit4.JUnit4Provider.executeWithRerun(JUnit4Provider.java:173) ~[surefire-junit4-2.18.1.jar:2.18.1]
	at org.apache.maven.surefire.junit4.JUnit4Provider.executeTestSet(JUnit4Provider.java:153) ~[surefire-junit4-2.18.1.jar:2.18.1]
	at org.apache.maven.surefire.junit4.JUnit4Provider.invoke(JUnit4Provider.java:128) ~[surefire-junit4-2.18.1.jar:2.18.1]
	at org.apache.maven.surefire.booter.ForkedBooter.invokeProviderInSameClassLoader(ForkedBooter.java:203) ~[surefire-booter-2.18.1.jar:2.18.1]
	at org.apache.maven.surefire.booter.ForkedBooter.runSuitesInProcess(ForkedBooter.java:155) ~[surefire-booter-2.18.1.jar:2.18.1]
	at org.apache.maven.surefire.booter.ForkedBooter.main(ForkedBooter.java:103) ~[surefire-booter-2.18.1.jar:2.18.1]
Caused by: java.net.ConnectException: Connection refused (Connection refused)
	at java.net.PlainSocketImpl.socketConnect(Native Method) ~[na:1.8.0_191]
	at java.net.AbstractPlainSocketImpl.doConnect(AbstractPlainSocketImpl.java:350) ~[na:1.8.0_191]
	at java.net.AbstractPlainSocketImpl.connectToAddress(AbstractPlainSocketImpl.java:206) ~[na:1.8.0_191]
	at java.net.AbstractPlainSocketImpl.connect(AbstractPlainSocketImpl.java:188) ~[na:1.8.0_191]
	at java.net.SocksSocketImpl.connect(SocksSocketImpl.java:392) ~[na:1.8.0_191]
	at java.net.Socket.connect(Socket.java:589) ~[na:1.8.0_191]
	at java.net.Socket.connect(Socket.java:538) ~[na:1.8.0_191]
	at sun.net.NetworkClient.doConnect(NetworkClient.java:180) ~[na:1.8.0_191]
	at sun.net.www.http.HttpClient.openServer(HttpClient.java:463) ~[na:1.8.0_191]
	at sun.net.www.http.HttpClient.openServer(HttpClient.java:558) ~[na:1.8.0_191]
	at sun.net.www.http.HttpClient.<init>(HttpClient.java:242) ~[na:1.8.0_191]
	at sun.net.www.http.HttpClient.New(HttpClient.java:339) ~[na:1.8.0_191]
	at sun.net.www.http.HttpClient.New(HttpClient.java:357) ~[na:1.8.0_191]
	at sun.net.www.protocol.http.HttpURLConnection.getNewHttpClient(HttpURLConnection.java:1220) ~[na:1.8.0_191]
	at sun.net.www.protocol.http.HttpURLConnection.plainConnect0(HttpURLConnection.java:1156) ~[na:1.8.0_191]
	at sun.net.www.protocol.http.HttpURLConnection.plainConnect(HttpURLConnection.java:1050) ~[na:1.8.0_191]
	at sun.net.www.protocol.http.HttpURLConnection.connect(HttpURLConnection.java:984) ~[na:1.8.0_191]
	at org.springframework.http.client.SimpleBufferingClientHttpRequest.executeInternal(SimpleBufferingClientHttpRequest.java:80) ~[spring-web-4.2.5.RELEASE.jar:4.2.5.RELEASE]
	at org.springframework.http.client.AbstractBufferingClientHttpRequest.executeInternal(AbstractBufferingClientHttpRequest.java:48) ~[spring-web-4.2.5.RELEASE.jar:4.2.5.RELEASE]
	at org.springframework.http.client.AbstractClientHttpRequest.execute(AbstractClientHttpRequest.java:53) ~[spring-web-4.2.5.RELEASE.jar:4.2.5.RELEASE]
	at org.springframework.web.client.RestTemplate.doExecute(RestTemplate.java:596) ~[spring-web-4.2.5.RELEASE.jar:4.2.5.RELEASE]
	... 38 common frames omitted
2019-02-18 11:54:10,222 INFO  o.s.c.s.GenericApplicationContext - Closing org.springframework.context.support.GenericApplicationContext@4b476233: startup date [Mon Feb 18 11:54:06 IST 2019]; root of context hierarchy
2019-02-18 12:27:35,575 INFO  o.s.t.c.s.DefaultTestContextBootstrapper - Loaded default TestExecutionListener class names from location [META-INF/spring.factories]: [org.springframework.test.context.web.ServletTestExecutionListener, org.springframework.test.context.support.DirtiesContextBeforeModesTestExecutionListener, org.springframework.test.context.support.DependencyInjectionTestExecutionListener, org.springframework.test.context.support.DirtiesContextTestExecutionListener, org.springframework.test.context.transaction.TransactionalTestExecutionListener, org.springframework.test.context.jdbc.SqlScriptsTestExecutionListener]
2019-02-18 12:27:35,595 INFO  o.s.t.c.s.DefaultTestContextBootstrapper - Could not instantiate TestExecutionListener [org.springframework.test.context.web.ServletTestExecutionListener]. Specify custom listener classes or make the default listener classes (and their required dependencies) available. Offending class: [javax/servlet/ServletContext]
2019-02-18 12:27:35,606 INFO  o.s.t.c.s.DefaultTestContextBootstrapper - Using TestExecutionListeners: [org.springframework.test.context.support.DirtiesContextBeforeModesTestExecutionListener@1ac4ccad, org.springframework.test.context.support.DependencyInjectionTestExecutionListener@fd9ebde, org.springframework.test.context.support.DirtiesContextTestExecutionListener@14982a82, org.springframework.test.context.transaction.TransactionalTestExecutionListener@4ee5b2d9, org.springframework.test.context.jdbc.SqlScriptsTestExecutionListener@72f8ae0c]
2019-02-18 12:27:36,178 INFO  o.s.t.c.s.DefaultTestContextBootstrapper - Loaded default TestExecutionListener class names from location [META-INF/spring.factories]: [org.springframework.test.context.web.ServletTestExecutionListener, org.springframework.test.context.support.DirtiesContextBeforeModesTestExecutionListener, org.springframework.test.context.support.DependencyInjectionTestExecutionListener, org.springframework.test.context.support.DirtiesContextTestExecutionListener, org.springframework.test.context.transaction.TransactionalTestExecutionListener, org.springframework.test.context.jdbc.SqlScriptsTestExecutionListener]
2019-02-18 12:27:36,181 INFO  o.s.t.c.s.DefaultTestContextBootstrapper - Could not instantiate TestExecutionListener [org.springframework.test.context.web.ServletTestExecutionListener]. Specify custom listener classes or make the default listener classes (and their required dependencies) available. Offending class: [javax/servlet/ServletContext]
2019-02-18 12:27:36,183 INFO  o.s.t.c.s.DefaultTestContextBootstrapper - Using TestExecutionListeners: [org.springframework.test.context.support.DirtiesContextBeforeModesTestExecutionListener@28b458e6, org.springframework.test.context.support.DependencyInjectionTestExecutionListener@221ca495, org.springframework.test.context.support.DirtiesContextTestExecutionListener@119d4443, org.springframework.test.context.transaction.TransactionalTestExecutionListener@773eca84, org.springframework.test.context.jdbc.SqlScriptsTestExecutionListener@7d47dfed]
2019-02-18 12:27:36,606 INFO  o.s.c.s.GenericApplicationContext - Refreshing org.springframework.context.support.GenericApplicationContext@4f235e8e: startup date [Mon Feb 18 12:27:36 IST 2019]; root of context hierarchy
2019-02-18 12:27:37,789 INFO  o.s.b.f.a.AutowiredAnnotationBeanPostProcessor - JSR-330 'javax.inject.Inject' annotation found and supported for autowiring
2019-02-18 12:27:40,321 INFO  com.github.fakemongo.FongoConnection - updateCommand() namespace:test-db.collectors updates:[com.mongodb.bulk.UpdateRequest@1c66e404]
2019-02-18 12:27:40,353 INFO  com.github.fakemongo.FongoConnection - release()
2019-02-18 12:27:40,354 INFO  com.github.fakemongo.FongoConnection - updateCommand() namespace:test-db.collectors updates:[com.mongodb.bulk.UpdateRequest@33957e5b]
2019-02-18 12:27:40,355 INFO  com.github.fakemongo.FongoConnection - release()
2019-02-18 12:27:40,356 INFO  com.github.fakemongo.FongoConnection - updateCommand() namespace:test-db.collectors updates:[com.mongodb.bulk.UpdateRequest@188496fd]
2019-02-18 12:27:40,357 INFO  com.github.fakemongo.FongoConnection - release()
2019-02-18 12:27:40,358 INFO  com.github.fakemongo.FongoConnection - updateCommand() namespace:test-db.collectors updates:[com.mongodb.bulk.UpdateRequest@1cccf90d]
2019-02-18 12:27:40,359 INFO  com.github.fakemongo.FongoConnection - release()
2019-02-18 12:27:40,361 INFO  com.github.fakemongo.FongoConnection - updateCommand() namespace:test-db.collectors updates:[com.mongodb.bulk.UpdateRequest@601ebfa1]
2019-02-18 12:27:40,362 INFO  com.github.fakemongo.FongoConnection - release()
2019-02-18 12:27:40,367 INFO  com.github.fakemongo.FongoConnection - updateCommand() namespace:test-db.components updates:[com.mongodb.bulk.UpdateRequest@78e1625f]
2019-02-18 12:27:40,369 INFO  com.github.fakemongo.FongoConnection - release()
2019-02-18 12:27:40,376 INFO  com.github.fakemongo.FongoConnection - updateCommand() namespace:test-db.collector_items updates:[com.mongodb.bulk.UpdateRequest@3f11add1]
2019-02-18 12:27:40,377 INFO  com.github.fakemongo.FongoConnection - release()
2019-02-18 12:27:40,378 INFO  com.github.fakemongo.FongoConnection - updateCommand() namespace:test-db.collector_items updates:[com.mongodb.bulk.UpdateRequest@2ae7ee25]
2019-02-18 12:27:40,379 INFO  com.github.fakemongo.FongoConnection - release()
2019-02-18 12:27:40,380 INFO  com.github.fakemongo.FongoConnection - updateCommand() namespace:test-db.collector_items updates:[com.mongodb.bulk.UpdateRequest@596792bc]
2019-02-18 12:27:40,380 INFO  com.github.fakemongo.FongoConnection - release()
2019-02-18 12:27:40,381 INFO  com.github.fakemongo.FongoConnection - updateCommand() namespace:test-db.collector_items updates:[com.mongodb.bulk.UpdateRequest@6cbac170]
2019-02-18 12:27:40,382 INFO  com.github.fakemongo.FongoConnection - release()
2019-02-18 12:27:40,383 INFO  com.github.fakemongo.FongoConnection - updateCommand() namespace:test-db.collector_items updates:[com.mongodb.bulk.UpdateRequest@5ef79613]
2019-02-18 12:27:40,383 INFO  com.github.fakemongo.FongoConnection - release()
2019-02-18 12:27:40,384 INFO  com.github.fakemongo.FongoConnection - updateCommand() namespace:test-db.collector_items updates:[com.mongodb.bulk.UpdateRequest@4bf4cd2e]
2019-02-18 12:27:40,385 INFO  com.github.fakemongo.FongoConnection - release()
2019-02-18 12:27:40,385 INFO  com.github.fakemongo.FongoConnection - updateCommand() namespace:test-db.collector_items updates:[com.mongodb.bulk.UpdateRequest@2ee3549e]
2019-02-18 12:27:40,386 INFO  com.github.fakemongo.FongoConnection - release()
2019-02-18 12:27:40,387 INFO  com.github.fakemongo.FongoConnection - updateCommand() namespace:test-db.collector_items updates:[com.mongodb.bulk.UpdateRequest@14e8a173]
2019-02-18 12:27:40,387 INFO  com.github.fakemongo.FongoConnection - release()
2019-02-18 12:27:40,388 INFO  com.github.fakemongo.FongoConnection - updateCommand() namespace:test-db.collector_items updates:[com.mongodb.bulk.UpdateRequest@764dfaf3]
2019-02-18 12:27:40,389 INFO  com.github.fakemongo.FongoConnection - release()
2019-02-18 12:27:40,389 INFO  com.github.fakemongo.FongoConnection - updateCommand() namespace:test-db.collector_items updates:[com.mongodb.bulk.UpdateRequest@1bbdd4a9]
2019-02-18 12:27:40,390 INFO  com.github.fakemongo.FongoConnection - release()
2019-02-18 12:27:40,391 INFO  com.github.fakemongo.FongoConnection - updateCommand() namespace:test-db.collector_items updates:[com.mongodb.bulk.UpdateRequest@2fce34e4]
2019-02-18 12:27:40,392 INFO  com.github.fakemongo.FongoConnection - release()
2019-02-18 12:27:40,392 INFO  com.github.fakemongo.FongoConnection - updateCommand() namespace:test-db.collector_items updates:[com.mongodb.bulk.UpdateRequest@7efceb57]
2019-02-18 12:27:40,393 INFO  com.github.fakemongo.FongoConnection - release()
2019-02-18 12:27:40,394 INFO  com.github.fakemongo.FongoConnection - updateCommand() namespace:test-db.collector_items updates:[com.mongodb.bulk.UpdateRequest@677f0c19]
2019-02-18 12:27:40,395 INFO  com.github.fakemongo.FongoConnection - release()
2019-02-18 12:27:40,395 INFO  com.github.fakemongo.FongoConnection - updateCommand() namespace:test-db.collector_items updates:[com.mongodb.bulk.UpdateRequest@129294c3]
2019-02-18 12:27:40,396 INFO  com.github.fakemongo.FongoConnection - release()
2019-02-18 12:27:40,397 INFO  com.github.fakemongo.FongoConnection - updateCommand() namespace:test-db.collector_items updates:[com.mongodb.bulk.UpdateRequest@4ca5eb61]
2019-02-18 12:27:40,398 INFO  com.github.fakemongo.FongoConnection - release()
2019-02-18 12:27:40,398 INFO  com.github.fakemongo.FongoConnection - updateCommand() namespace:test-db.collector_items updates:[com.mongodb.bulk.UpdateRequest@551a17f1]
2019-02-18 12:27:40,399 INFO  com.github.fakemongo.FongoConnection - release()
2019-02-18 12:27:40,399 INFO  com.github.fakemongo.FongoConnection - updateCommand() namespace:test-db.collector_items updates:[com.mongodb.bulk.UpdateRequest@4a1ac68f]
2019-02-18 12:27:40,400 INFO  com.github.fakemongo.FongoConnection - release()
2019-02-18 12:27:40,401 INFO  com.github.fakemongo.FongoConnection - updateCommand() namespace:test-db.collector_items updates:[com.mongodb.bulk.UpdateRequest@4ca87783]
2019-02-18 12:27:40,402 INFO  com.github.fakemongo.FongoConnection - release()
2019-02-18 12:27:40,402 INFO  com.github.fakemongo.FongoConnection - updateCommand() namespace:test-db.collector_items updates:[com.mongodb.bulk.UpdateRequest@2f357394]
2019-02-18 12:27:40,403 INFO  com.github.fakemongo.FongoConnection - release()
2019-02-18 12:27:40,404 INFO  com.github.fakemongo.FongoConnection - updateCommand() namespace:test-db.collector_items updates:[com.mongodb.bulk.UpdateRequest@2a155c1c]
2019-02-18 12:27:40,405 INFO  com.github.fakemongo.FongoConnection - release()
2019-02-18 12:27:40,405 INFO  com.github.fakemongo.FongoConnection - updateCommand() namespace:test-db.collector_items updates:[com.mongodb.bulk.UpdateRequest@36a7c96f]
2019-02-18 12:27:40,406 INFO  com.github.fakemongo.FongoConnection - release()
2019-02-18 12:27:40,407 INFO  com.github.fakemongo.FongoConnection - updateCommand() namespace:test-db.collector_items updates:[com.mongodb.bulk.UpdateRequest@393ca457]
2019-02-18 12:27:40,408 INFO  com.github.fakemongo.FongoConnection - release()
2019-02-18 12:27:40,408 INFO  com.github.fakemongo.FongoConnection - updateCommand() namespace:test-db.collector_items updates:[com.mongodb.bulk.UpdateRequest@3d91d937]
2019-02-18 12:27:40,409 INFO  com.github.fakemongo.FongoConnection - release()
2019-02-18 12:27:40,410 INFO  com.github.fakemongo.FongoConnection - updateCommand() namespace:test-db.collector_items updates:[com.mongodb.bulk.UpdateRequest@3de49725]
2019-02-18 12:27:40,410 INFO  com.github.fakemongo.FongoConnection - release()
2019-02-18 12:27:40,448 INFO  c.c.d.collector.AuditCollectorUtil - NFRR Audit Collector creates Audit API URL
2019-02-18 12:27:40,471 INFO  c.c.d.collector.AuditCollectorUtil - NFRR Audit Collector Audit API Call
2019-02-18 12:27:40,878 ERROR c.c.d.collector.AuditCollectorUtil - Error while calling audit api for the params : ?title=auditTestDashboard&businessService&businessApplication&beginDate=1537824736000&endDate=1540503701000&auditType=CODE_REVIEW,CODE_QUALITY,STATIC_SECURITY_ANALYSIS,LIBRARY_POLICY,TEST_RESULT,PERF_TEST
org.springframework.web.client.ResourceAccessException: I/O error on GET request for "http://localhost:8081/dashboardReview?title=auditTestDashboard&businessService&businessApplication&beginDate=1537824736000&endDate=1540503701000&auditType=CODE_REVIEW,CODE_QUALITY,STATIC_SECURITY_ANALYSIS,LIBRARY_POLICY,TEST_RESULT,PERF_TEST": Connection refused (Connection refused); nested exception is java.net.ConnectException: Connection refused (Connection refused)
	at org.springframework.web.client.RestTemplate.doExecute(RestTemplate.java:607) ~[spring-web-4.2.5.RELEASE.jar:4.2.5.RELEASE]
	at org.springframework.web.client.RestTemplate.execute(RestTemplate.java:557) ~[spring-web-4.2.5.RELEASE.jar:4.2.5.RELEASE]
	at org.springframework.web.client.RestTemplate.exchange(RestTemplate.java:475) ~[spring-web-4.2.5.RELEASE.jar:4.2.5.RELEASE]
	at com.capitalone.dashboard.collector.AuditCollectorUtil.parseObject(AuditCollectorUtil.java:425) [classes/:na]
	at com.capitalone.dashboard.collector.AuditCollectorUtil.getAudit(AuditCollectorUtil.java:384) [classes/:na]
	at com.capitalone.dashboard.collector.AuditCollectorTaskTest.lambda$getCollectAuditStatusData$1(AuditCollectorTaskTest.java:76) [test-classes/:na]
	at java.util.ArrayList.forEach(ArrayList.java:1257) ~[na:1.8.0_191]
	at com.capitalone.dashboard.collector.AuditCollectorTaskTest.getCollectAuditStatusData(AuditCollectorTaskTest.java:74) [test-classes/:na]
	at sun.reflect.NativeMethodAccessorImpl.invoke0(Native Method) ~[na:1.8.0_191]
	at sun.reflect.NativeMethodAccessorImpl.invoke(NativeMethodAccessorImpl.java:62) ~[na:1.8.0_191]
	at sun.reflect.DelegatingMethodAccessorImpl.invoke(DelegatingMethodAccessorImpl.java:43) ~[na:1.8.0_191]
	at java.lang.reflect.Method.invoke(Method.java:498) ~[na:1.8.0_191]
	at org.junit.runners.model.FrameworkMethod$1.runReflectiveCall(FrameworkMethod.java:50) ~[junit-4.12.jar:4.12]
	at org.junit.internal.runners.model.ReflectiveCallable.run(ReflectiveCallable.java:12) ~[junit-4.12.jar:4.12]
	at org.junit.runners.model.FrameworkMethod.invokeExplosively(FrameworkMethod.java:47) ~[junit-4.12.jar:4.12]
	at org.junit.internal.runners.statements.InvokeMethod.evaluate(InvokeMethod.java:17) ~[junit-4.12.jar:4.12]
	at org.junit.internal.runners.statements.RunBefores.evaluate(RunBefores.java:26) ~[junit-4.12.jar:4.12]
	at org.springframework.test.context.junit4.statements.RunBeforeTestMethodCallbacks.evaluate(RunBeforeTestMethodCallbacks.java:75) ~[spring-test-4.2.5.RELEASE.jar:4.2.5.RELEASE]
	at org.springframework.test.context.junit4.statements.RunAfterTestMethodCallbacks.evaluate(RunAfterTestMethodCallbacks.java:86) ~[spring-test-4.2.5.RELEASE.jar:4.2.5.RELEASE]
	at org.springframework.test.context.junit4.statements.SpringRepeat.evaluate(SpringRepeat.java:84) ~[spring-test-4.2.5.RELEASE.jar:4.2.5.RELEASE]
	at org.junit.runners.ParentRunner.runLeaf(ParentRunner.java:325) ~[junit-4.12.jar:4.12]
	at org.springframework.test.context.junit4.SpringJUnit4ClassRunner.runChild(SpringJUnit4ClassRunner.java:254) ~[spring-test-4.2.5.RELEASE.jar:4.2.5.RELEASE]
	at org.springframework.test.context.junit4.SpringJUnit4ClassRunner.runChild(SpringJUnit4ClassRunner.java:89) ~[spring-test-4.2.5.RELEASE.jar:4.2.5.RELEASE]
	at org.junit.runners.ParentRunner$3.run(ParentRunner.java:290) ~[junit-4.12.jar:4.12]
	at org.junit.runners.ParentRunner$1.schedule(ParentRunner.java:71) ~[junit-4.12.jar:4.12]
	at org.junit.runners.ParentRunner.runChildren(ParentRunner.java:288) ~[junit-4.12.jar:4.12]
	at org.junit.runners.ParentRunner.access$000(ParentRunner.java:58) ~[junit-4.12.jar:4.12]
	at org.junit.runners.ParentRunner$2.evaluate(ParentRunner.java:268) ~[junit-4.12.jar:4.12]
	at org.springframework.test.context.junit4.statements.RunBeforeTestClassCallbacks.evaluate(RunBeforeTestClassCallbacks.java:61) ~[spring-test-4.2.5.RELEASE.jar:4.2.5.RELEASE]
	at org.springframework.test.context.junit4.statements.RunAfterTestClassCallbacks.evaluate(RunAfterTestClassCallbacks.java:70) ~[spring-test-4.2.5.RELEASE.jar:4.2.5.RELEASE]
	at org.junit.runners.ParentRunner.run(ParentRunner.java:363) ~[junit-4.12.jar:4.12]
	at org.springframework.test.context.junit4.SpringJUnit4ClassRunner.run(SpringJUnit4ClassRunner.java:193) ~[spring-test-4.2.5.RELEASE.jar:4.2.5.RELEASE]
	at org.apache.maven.surefire.junit4.JUnit4Provider.execute(JUnit4Provider.java:283) ~[surefire-junit4-2.18.1.jar:2.18.1]
	at org.apache.maven.surefire.junit4.JUnit4Provider.executeWithRerun(JUnit4Provider.java:173) ~[surefire-junit4-2.18.1.jar:2.18.1]
	at org.apache.maven.surefire.junit4.JUnit4Provider.executeTestSet(JUnit4Provider.java:153) ~[surefire-junit4-2.18.1.jar:2.18.1]
	at org.apache.maven.surefire.junit4.JUnit4Provider.invoke(JUnit4Provider.java:128) ~[surefire-junit4-2.18.1.jar:2.18.1]
	at org.apache.maven.surefire.booter.ForkedBooter.invokeProviderInSameClassLoader(ForkedBooter.java:203) ~[surefire-booter-2.18.1.jar:2.18.1]
	at org.apache.maven.surefire.booter.ForkedBooter.runSuitesInProcess(ForkedBooter.java:155) ~[surefire-booter-2.18.1.jar:2.18.1]
	at org.apache.maven.surefire.booter.ForkedBooter.main(ForkedBooter.java:103) ~[surefire-booter-2.18.1.jar:2.18.1]
Caused by: java.net.ConnectException: Connection refused (Connection refused)
	at java.net.PlainSocketImpl.socketConnect(Native Method) ~[na:1.8.0_191]
	at java.net.AbstractPlainSocketImpl.doConnect(AbstractPlainSocketImpl.java:350) ~[na:1.8.0_191]
	at java.net.AbstractPlainSocketImpl.connectToAddress(AbstractPlainSocketImpl.java:206) ~[na:1.8.0_191]
	at java.net.AbstractPlainSocketImpl.connect(AbstractPlainSocketImpl.java:188) ~[na:1.8.0_191]
	at java.net.SocksSocketImpl.connect(SocksSocketImpl.java:392) ~[na:1.8.0_191]
	at java.net.Socket.connect(Socket.java:589) ~[na:1.8.0_191]
	at java.net.Socket.connect(Socket.java:538) ~[na:1.8.0_191]
	at sun.net.NetworkClient.doConnect(NetworkClient.java:180) ~[na:1.8.0_191]
	at sun.net.www.http.HttpClient.openServer(HttpClient.java:463) ~[na:1.8.0_191]
	at sun.net.www.http.HttpClient.openServer(HttpClient.java:558) ~[na:1.8.0_191]
	at sun.net.www.http.HttpClient.<init>(HttpClient.java:242) ~[na:1.8.0_191]
	at sun.net.www.http.HttpClient.New(HttpClient.java:339) ~[na:1.8.0_191]
	at sun.net.www.http.HttpClient.New(HttpClient.java:357) ~[na:1.8.0_191]
	at sun.net.www.protocol.http.HttpURLConnection.getNewHttpClient(HttpURLConnection.java:1220) ~[na:1.8.0_191]
	at sun.net.www.protocol.http.HttpURLConnection.plainConnect0(HttpURLConnection.java:1156) ~[na:1.8.0_191]
	at sun.net.www.protocol.http.HttpURLConnection.plainConnect(HttpURLConnection.java:1050) ~[na:1.8.0_191]
	at sun.net.www.protocol.http.HttpURLConnection.connect(HttpURLConnection.java:984) ~[na:1.8.0_191]
	at org.springframework.http.client.SimpleBufferingClientHttpRequest.executeInternal(SimpleBufferingClientHttpRequest.java:80) ~[spring-web-4.2.5.RELEASE.jar:4.2.5.RELEASE]
	at org.springframework.http.client.AbstractBufferingClientHttpRequest.executeInternal(AbstractBufferingClientHttpRequest.java:48) ~[spring-web-4.2.5.RELEASE.jar:4.2.5.RELEASE]
	at org.springframework.http.client.AbstractClientHttpRequest.execute(AbstractClientHttpRequest.java:53) ~[spring-web-4.2.5.RELEASE.jar:4.2.5.RELEASE]
	at org.springframework.web.client.RestTemplate.doExecute(RestTemplate.java:596) ~[spring-web-4.2.5.RELEASE.jar:4.2.5.RELEASE]
	... 38 common frames omitted
2019-02-18 12:27:40,924 INFO  o.s.c.s.GenericApplicationContext - Closing org.springframework.context.support.GenericApplicationContext@4f235e8e: startup date [Mon Feb 18 12:27:36 IST 2019]; root of context hierarchy
