2019-02-25 12:34:56,784 INFO  o.h.validator.internal.util.Version - HV000001: Hibernate Validator 5.2.2.Final
2019-02-25 12:34:56,847 INFO  o.s.c.a.AnnotationConfigApplicationContext - Refreshing org.springframework.context.annotation.AnnotationConfigApplicationContext@3fe1824b: startup date [Mon Feb 25 12:34:56 IST 2019]; root of context hierarchy
2019-02-25 12:34:57,037 INFO  o.s.b.f.a.AutowiredAnnotationBeanPostProcessor - JSR-330 'javax.inject.Inject' annotation found and supported for autowiring
2019-02-25 12:34:57,155 INFO  o.s.c.s.PostProcessorRegistrationDelegate$BeanPostProcessorChecker - Bean 'configurationPropertiesRebinderAutoConfiguration' of type [class org.springframework.cloud.autoconfigure.ConfigurationPropertiesRebinderAutoConfiguration$$EnhancerBySpringCGLIB$$1a2aea30] is not eligible for getting processed by all BeanPostProcessors (for example: not eligible for auto-proxying)
2019-02-25 12:34:57,435 INFO  o.s.c.c.c.ConfigServicePropertySourceLocator - Fetching config from server at: http://localhost:8888
2019-02-25 12:34:57,587 WARN  o.s.c.c.c.ConfigServicePropertySourceLocator - Could not locate PropertySource: I/O error on GET request for "http://localhost:8888/application/default": Connection refused (Connection refused); nested exception is java.net.ConnectException: Connection refused (Connection refused)
2019-02-25 12:34:57,589 INFO  com.capitalone.dashboard.Application - No profiles are active
2019-02-25 12:34:57,608 INFO  o.s.c.a.AnnotationConfigApplicationContext - Refreshing org.springframework.context.annotation.AnnotationConfigApplicationContext@480f79d0: startup date [Mon Feb 25 12:34:57 IST 2019]; parent: org.springframework.context.annotation.AnnotationConfigApplicationContext@3fe1824b
2019-02-25 12:34:58,951 INFO  o.s.cloud.context.scope.GenericScope - BeanFactory id=e9eeabd9-0825-3756-b1e5-7fbca0d8eea7
2019-02-25 12:34:58,956 INFO  c.u.j.EnableEncryptablePropertySourcesPostProcessor - Post-processing PropertySource instances
2019-02-25 12:34:58,964 INFO  c.u.j.c.StringEncryptorConfiguration - String Encryptor custom Bean not found with name 'jasyptStringEncryptor'. Initializing String Encryptor based on properties with name 'jasyptStringEncryptor'
2019-02-25 12:34:58,969 INFO  c.u.j.EnableEncryptablePropertySourcesPostProcessor - Converting PropertySource commandLineArgs [org.springframework.core.env.SimpleCommandLinePropertySource] to EncryptableEnumerablePropertySourceWrapper
2019-02-25 12:34:58,969 INFO  c.u.j.EnableEncryptablePropertySourcesPostProcessor - Converting PropertySource systemProperties [org.springframework.core.env.MapPropertySource] to EncryptableMapPropertySourceWrapper
2019-02-25 12:34:58,969 INFO  c.u.j.EnableEncryptablePropertySourcesPostProcessor - Converting PropertySource systemEnvironment [org.springframework.core.env.SystemEnvironmentPropertySource] to EncryptableMapPropertySourceWrapper
2019-02-25 12:34:58,969 INFO  c.u.j.EnableEncryptablePropertySourcesPostProcessor - Converting PropertySource random [org.springframework.boot.context.config.RandomValuePropertySource] to EncryptablePropertySourceWrapper
2019-02-25 12:34:58,969 INFO  c.u.j.EnableEncryptablePropertySourcesPostProcessor - Converting PropertySource applicationConfig: [file:../gitlabfeature.properties] [org.springframework.core.env.PropertiesPropertySource] to EncryptableMapPropertySourceWrapper
2019-02-25 12:34:58,969 INFO  c.u.j.EnableEncryptablePropertySourcesPostProcessor - Converting PropertySource springCloudClientHostInfo [org.springframework.core.env.MapPropertySource] to EncryptableMapPropertySourceWrapper
2019-02-25 12:34:58,969 INFO  c.u.j.EnableEncryptablePropertySourcesPostProcessor - Converting PropertySource defaultProperties [org.springframework.core.env.MapPropertySource] to EncryptableMapPropertySourceWrapper
2019-02-25 12:34:58,972 INFO  o.s.b.f.a.AutowiredAnnotationBeanPostProcessor - JSR-330 'javax.inject.Inject' annotation found and supported for autowiring
2019-02-25 12:34:58,995 INFO  o.s.c.s.PostProcessorRegistrationDelegate$BeanPostProcessorChecker - Bean 'application' of type [class com.capitalone.dashboard.Application$$EnhancerBySpringCGLIB$$67fd484b] is not eligible for getting processed by all BeanPostProcessors (for example: not eligible for auto-proxying)
2019-02-25 12:34:59,012 INFO  o.s.s.a.AsyncAnnotationBeanPostProcessor - No TaskExecutor bean found for async annotation processing.
2019-02-25 12:34:59,044 INFO  o.s.c.s.PostProcessorRegistrationDelegate$BeanPostProcessorChecker - Bean 'org.springframework.cloud.autoconfigure.ConfigurationPropertiesRebinderAutoConfiguration' of type [class org.springframework.cloud.autoconfigure.ConfigurationPropertiesRebinderAutoConfiguration$$EnhancerBySpringCGLIB$$1a2aea30] is not eligible for getting processed by all BeanPostProcessors (for example: not eligible for auto-proxying)
2019-02-25 12:34:59,188 INFO  c.c.dashboard.config.MongoConfig - ReplicaSetfalse
2019-02-25 12:34:59,270 INFO  c.c.dashboard.config.MongoConfig - Initializing Mongo Client server at: localhost:27017
2019-02-25 12:34:59,307 INFO  org.mongodb.driver.cluster - Cluster created with settings {hosts=[localhost:27017], mode=SINGLE, requiredClusterType=UNKNOWN, serverSelectionTimeout='30000 ms', maxWaitQueueSize=500}
2019-02-25 12:34:59,375 INFO  c.c.dashboard.config.MongoConfig - Connecting to Mongo: Mongo{options=MongoClientOptions{description='null', readPreference=primary, writeConcern=WriteConcern{w=1, wtimeout=0, fsync=false, j=false, codecRegistry=org.bson.codecs.configuration.ProvidersCodecRegistry@2fd8b2a5, minConnectionsPerHost=0, maxConnectionsPerHost=100, threadsAllowedToBlockForConnectionMultiplier=5, serverSelectionTimeout=30000, maxWaitTime=120000, maxConnectionIdleTime=0, maxConnectionLifeTime=0, connectTimeout=10000, socketTimeout=0, socketKeepAlive=false, sslEnabled=false, sslInvalidHostNamesAllowed=false, alwaysUseMBeans=false, heartbeatFrequency=10000, minHeartbeatFrequency=500, heartbeatConnectTimeout=20000, heartbeatSocketTimeout=20000, localThreshold=15, requiredReplicaSetName='null', dbDecoderFactory=com.mongodb.DefaultDBDecoder$1@507949a9, dbEncoderFactory=com.mongodb.DefaultDBEncoder$1@5467a2dc, socketFactory=javax.net.DefaultSocketFactory@3c015bcb, cursorFinalizerEnabled=true, connectionPoolSettings=ConnectionPoolSettings{maxSize=100, minSize=0, maxWaitQueueSize=500, maxWaitTimeMS=120000, maxConnectionLifeTimeMS=0, maxConnectionIdleTimeMS=0, maintenanceInitialDelayMS=0, maintenanceFrequencyMS=60000}, socketSettings=SocketSettings{connectTimeoutMS=10000, readTimeoutMS=0, keepAlive=false, receiveBufferSize=0, sendBufferSize=0}, serverSettings=ServerSettings{heartbeatFrequencyMS=10000, minHeartbeatFrequencyMS=500}, heartbeatSocketSettings=SocketSettings{connectTimeoutMS=20000, readTimeoutMS=20000, keepAlive=false, receiveBufferSize=0, sendBufferSize=0}}}
2019-02-25 12:34:59,454 INFO  org.mongodb.driver.connection - Opened connection [connectionId{localValue:1, serverValue:206}] to localhost:27017
2019-02-25 12:34:59,456 INFO  org.mongodb.driver.cluster - Monitor thread successfully connected to server with description ServerDescription{address=localhost:27017, type=STANDALONE, state=CONNECTED, ok=true, version=ServerVersion{versionList=[3, 4, 19]}, minWireVersion=0, maxWireVersion=5, electionId=null, maxDocumentSize=16777216, roundTripTimeNanos=1200128}
2019-02-25 12:34:59,573 INFO  org.mongodb.driver.connection - Opened connection [connectionId{localValue:2, serverValue:207}] to localhost:27017
2019-02-25 12:34:59,796 INFO  o.s.s.c.ThreadPoolTaskScheduler - Initializing ExecutorService  'taskScheduler'
2019-02-25 12:35:00,001 INFO  c.c.d.collector.CollectorTask - Running Collector: GitlabFeature
2019-02-25 12:35:00,140 INFO  c.c.d.collector.CollectorTask - -----------------------------------
2019-02-25 12:35:00,140 INFO  c.c.d.collector.CollectorTask - Starting...
2019-02-25 12:35:00,140 INFO  c.c.d.collector.CollectorTask - -----------------------------------
2019-02-25 12:35:00,155 INFO  c.c.d.collector.CollectorTask - Issues Added/Updated    0        0s
2019-02-25 12:35:00,155 INFO  c.c.d.collector.CollectorTask - Issues Deleted          0        0s
2019-02-25 12:35:00,174 INFO  c.c.dashboard.config.MongoConfig - ReplicaSetfalse
2019-02-25 12:35:00,174 INFO  c.c.dashboard.config.MongoConfig - Initializing Mongo Client server at: localhost:27017
2019-02-25 12:35:00,175 INFO  org.mongodb.driver.cluster - Cluster created with settings {hosts=[localhost:27017], mode=SINGLE, requiredClusterType=UNKNOWN, serverSelectionTimeout='30000 ms', maxWaitQueueSize=500}
2019-02-25 12:35:00,179 INFO  c.c.dashboard.config.MongoConfig - Connecting to Mongo: Mongo{options=MongoClientOptions{description='null', readPreference=primary, writeConcern=WriteConcern{w=1, wtimeout=0, fsync=false, j=false, codecRegistry=org.bson.codecs.configuration.ProvidersCodecRegistry@2fd8b2a5, minConnectionsPerHost=0, maxConnectionsPerHost=100, threadsAllowedToBlockForConnectionMultiplier=5, serverSelectionTimeout=30000, maxWaitTime=120000, maxConnectionIdleTime=0, maxConnectionLifeTime=0, connectTimeout=10000, socketTimeout=0, socketKeepAlive=false, sslEnabled=false, sslInvalidHostNamesAllowed=false, alwaysUseMBeans=false, heartbeatFrequency=10000, minHeartbeatFrequency=500, heartbeatConnectTimeout=20000, heartbeatSocketTimeout=20000, localThreshold=15, requiredReplicaSetName='null', dbDecoderFactory=com.mongodb.DefaultDBDecoder$1@507949a9, dbEncoderFactory=com.mongodb.DefaultDBEncoder$1@5467a2dc, socketFactory=javax.net.DefaultSocketFactory@3c015bcb, cursorFinalizerEnabled=true, connectionPoolSettings=ConnectionPoolSettings{maxSize=100, minSize=0, maxWaitQueueSize=500, maxWaitTimeMS=120000, maxConnectionLifeTimeMS=0, maxConnectionIdleTimeMS=0, maintenanceInitialDelayMS=0, maintenanceFrequencyMS=60000}, socketSettings=SocketSettings{connectTimeoutMS=10000, readTimeoutMS=0, keepAlive=false, receiveBufferSize=0, sendBufferSize=0}, serverSettings=ServerSettings{heartbeatFrequencyMS=10000, minHeartbeatFrequencyMS=500}, heartbeatSocketSettings=SocketSettings{connectTimeoutMS=20000, readTimeoutMS=20000, keepAlive=false, receiveBufferSize=0, sendBufferSize=0}}}
2019-02-25 12:35:00,182 INFO  org.mongodb.driver.connection - Opened connection [connectionId{localValue:3, serverValue:208}] to localhost:27017
2019-02-25 12:35:00,184 INFO  org.mongodb.driver.cluster - Monitor thread successfully connected to server with description ServerDescription{address=localhost:27017, type=STANDALONE, state=CONNECTED, ok=true, version=ServerVersion{versionList=[3, 4, 19]}, minWireVersion=0, maxWireVersion=5, electionId=null, maxDocumentSize=16777216, roundTripTimeNanos=1532935}
2019-02-25 12:35:00,186 INFO  c.c.dashboard.config.MongoConfig - ReplicaSetfalse
2019-02-25 12:35:00,186 INFO  c.c.dashboard.config.MongoConfig - Initializing Mongo Client server at: localhost:27017
2019-02-25 12:35:00,186 INFO  org.mongodb.driver.cluster - Cluster created with settings {hosts=[localhost:27017], mode=SINGLE, requiredClusterType=UNKNOWN, serverSelectionTimeout='30000 ms', maxWaitQueueSize=500}
2019-02-25 12:35:00,187 INFO  c.c.dashboard.config.MongoConfig - Connecting to Mongo: Mongo{options=MongoClientOptions{description='null', readPreference=primary, writeConcern=WriteConcern{w=1, wtimeout=0, fsync=false, j=false, codecRegistry=org.bson.codecs.configuration.ProvidersCodecRegistry@2fd8b2a5, minConnectionsPerHost=0, maxConnectionsPerHost=100, threadsAllowedToBlockForConnectionMultiplier=5, serverSelectionTimeout=30000, maxWaitTime=120000, maxConnectionIdleTime=0, maxConnectionLifeTime=0, connectTimeout=10000, socketTimeout=0, socketKeepAlive=false, sslEnabled=false, sslInvalidHostNamesAllowed=false, alwaysUseMBeans=false, heartbeatFrequency=10000, minHeartbeatFrequency=500, heartbeatConnectTimeout=20000, heartbeatSocketTimeout=20000, localThreshold=15, requiredReplicaSetName='null', dbDecoderFactory=com.mongodb.DefaultDBDecoder$1@507949a9, dbEncoderFactory=com.mongodb.DefaultDBEncoder$1@5467a2dc, socketFactory=javax.net.DefaultSocketFactory@3c015bcb, cursorFinalizerEnabled=true, connectionPoolSettings=ConnectionPoolSettings{maxSize=100, minSize=0, maxWaitQueueSize=500, maxWaitTimeMS=120000, maxConnectionLifeTimeMS=0, maxConnectionIdleTimeMS=0, maintenanceInitialDelayMS=0, maintenanceFrequencyMS=60000}, socketSettings=SocketSettings{connectTimeoutMS=10000, readTimeoutMS=0, keepAlive=false, receiveBufferSize=0, sendBufferSize=0}, serverSettings=ServerSettings{heartbeatFrequencyMS=10000, minHeartbeatFrequencyMS=500}, heartbeatSocketSettings=SocketSettings{connectTimeoutMS=20000, readTimeoutMS=20000, keepAlive=false, receiveBufferSize=0, sendBufferSize=0}}}
2019-02-25 12:35:00,191 INFO  org.mongodb.driver.connection - Opened connection [connectionId{localValue:4, serverValue:209}] to localhost:27017
2019-02-25 12:35:00,192 INFO  org.mongodb.driver.cluster - Monitor thread successfully connected to server with description ServerDescription{address=localhost:27017, type=STANDALONE, state=CONNECTED, ok=true, version=ServerVersion{versionList=[3, 4, 19]}, minWireVersion=0, maxWireVersion=5, electionId=null, maxDocumentSize=16777216, roundTripTimeNanos=570213}
2019-02-25 12:35:00,745 INFO  c.c.dashboard.config.MongoConfig - ReplicaSetfalse
2019-02-25 12:35:00,746 INFO  c.c.dashboard.config.MongoConfig - Initializing Mongo Client server at: localhost:27017
2019-02-25 12:35:00,746 INFO  org.mongodb.driver.cluster - Cluster created with settings {hosts=[localhost:27017], mode=SINGLE, requiredClusterType=UNKNOWN, serverSelectionTimeout='30000 ms', maxWaitQueueSize=500}
2019-02-25 12:35:00,748 INFO  org.mongodb.driver.connection - Opened connection [connectionId{localValue:5, serverValue:210}] to localhost:27017
2019-02-25 12:35:00,749 INFO  org.mongodb.driver.cluster - Monitor thread successfully connected to server with description ServerDescription{address=localhost:27017, type=STANDALONE, state=CONNECTED, ok=true, version=ServerVersion{versionList=[3, 4, 19]}, minWireVersion=0, maxWireVersion=5, electionId=null, maxDocumentSize=16777216, roundTripTimeNanos=295106}
2019-02-25 12:35:00,751 INFO  c.c.dashboard.config.MongoConfig - Connecting to Mongo: Mongo{options=MongoClientOptions{description='null', readPreference=primary, writeConcern=WriteConcern{w=1, wtimeout=0, fsync=false, j=false, codecRegistry=org.bson.codecs.configuration.ProvidersCodecRegistry@2fd8b2a5, minConnectionsPerHost=0, maxConnectionsPerHost=100, threadsAllowedToBlockForConnectionMultiplier=5, serverSelectionTimeout=30000, maxWaitTime=120000, maxConnectionIdleTime=0, maxConnectionLifeTime=0, connectTimeout=10000, socketTimeout=0, socketKeepAlive=false, sslEnabled=false, sslInvalidHostNamesAllowed=false, alwaysUseMBeans=false, heartbeatFrequency=10000, minHeartbeatFrequency=500, heartbeatConnectTimeout=20000, heartbeatSocketTimeout=20000, localThreshold=15, requiredReplicaSetName='null', dbDecoderFactory=com.mongodb.DefaultDBDecoder$1@507949a9, dbEncoderFactory=com.mongodb.DefaultDBEncoder$1@5467a2dc, socketFactory=javax.net.DefaultSocketFactory@3c015bcb, cursorFinalizerEnabled=true, connectionPoolSettings=ConnectionPoolSettings{maxSize=100, minSize=0, maxWaitQueueSize=500, maxWaitTimeMS=120000, maxConnectionLifeTimeMS=0, maxConnectionIdleTimeMS=0, maintenanceInitialDelayMS=0, maintenanceFrequencyMS=60000}, socketSettings=SocketSettings{connectTimeoutMS=10000, readTimeoutMS=0, keepAlive=false, receiveBufferSize=0, sendBufferSize=0}, serverSettings=ServerSettings{heartbeatFrequencyMS=10000, minHeartbeatFrequencyMS=500}, heartbeatSocketSettings=SocketSettings{connectTimeoutMS=20000, readTimeoutMS=20000, keepAlive=false, receiveBufferSize=0, sendBufferSize=0}}}
2019-02-25 12:35:01,412 INFO  o.s.j.e.a.AnnotationMBeanExporter - Registering beans for JMX exposure on startup
2019-02-25 12:35:01,419 INFO  o.s.j.e.a.AnnotationMBeanExporter - Bean with name 'configurationPropertiesRebinder' has been autodetected for JMX exposure
2019-02-25 12:35:01,420 INFO  o.s.j.e.a.AnnotationMBeanExporter - Bean with name 'environmentManager' has been autodetected for JMX exposure
2019-02-25 12:35:01,420 INFO  o.s.j.e.a.AnnotationMBeanExporter - Bean with name 'refreshScope' has been autodetected for JMX exposure
2019-02-25 12:35:01,422 INFO  o.s.j.e.a.AnnotationMBeanExporter - Located managed bean 'environmentManager': registering with JMX server as MBean [org.springframework.cloud.context.environment:name=environmentManager,type=EnvironmentManager]
2019-02-25 12:35:01,432 INFO  o.s.j.e.a.AnnotationMBeanExporter - Located managed bean 'refreshScope': registering with JMX server as MBean [org.springframework.cloud.context.scope.refresh:name=refreshScope,type=RefreshScope]
2019-02-25 12:35:01,438 INFO  o.s.j.e.a.AnnotationMBeanExporter - Located managed bean 'configurationPropertiesRebinder': registering with JMX server as MBean [org.springframework.cloud.context.properties:name=configurationPropertiesRebinder,context=480f79d0,type=ConfigurationPropertiesRebinder]
2019-02-25 12:35:01,474 INFO  com.capitalone.dashboard.Application - Started Application in 5.331 seconds (JVM running for 6.196)
2019-02-25 12:36:00,000 INFO  c.c.d.collector.CollectorTask - Running Collector: GitlabFeature
2019-02-25 12:36:00,006 INFO  c.c.d.collector.CollectorTask - -----------------------------------
2019-02-25 12:36:00,006 INFO  c.c.d.collector.CollectorTask - Starting...
2019-02-25 12:36:00,006 INFO  c.c.d.collector.CollectorTask - -----------------------------------
2019-02-25 12:36:00,007 INFO  c.c.d.collector.CollectorTask - Issues Added/Updated    0        0s
2019-02-25 12:36:00,007 INFO  c.c.d.collector.CollectorTask - Issues Deleted          0        0s
2019-02-25 12:37:00,000 INFO  c.c.d.collector.CollectorTask - Running Collector: GitlabFeature
2019-02-25 12:37:00,006 INFO  c.c.d.collector.CollectorTask - -----------------------------------
2019-02-25 12:37:00,006 INFO  c.c.d.collector.CollectorTask - Starting...
2019-02-25 12:37:00,006 INFO  c.c.d.collector.CollectorTask - -----------------------------------
2019-02-25 12:37:00,063 INFO  c.c.d.gitlab.DefaultGitlabClient - Could not retrieve data from the following URI: http://Gitlab-bic:80/api/v4/projects/http%3A%2F%2FGitlab-BIC%2FBI-Clinical%2FRMM%2FRMM/boards?per_page=100
2019-02-25 12:37:00,076 INFO  c.c.d.gitlab.DefaultGitlabClient - Could not retrieve data from the following URI: http://Gitlab-bic:80/api/v4/projects/http%3A%2F%2FGitlab-BIC%2FBI-Clinical%2FRMM%2FRMM/issues?per_page=100
2019-02-25 12:37:00,100 INFO  c.c.d.collector.CollectorTask - Issues Added/Updated    0        0s
2019-02-25 12:37:00,100 INFO  c.c.d.collector.CollectorTask - Issues Deleted          0        0s
2019-02-25 12:37:05,064 INFO  o.s.c.a.AnnotationConfigApplicationContext - Closing org.springframework.context.annotation.AnnotationConfigApplicationContext@480f79d0: startup date [Mon Feb 25 12:34:57 IST 2019]; parent: org.springframework.context.annotation.AnnotationConfigApplicationContext@3fe1824b
2019-02-25 12:37:05,078 INFO  o.s.j.e.a.AnnotationMBeanExporter - Unregistering JMX-exposed beans on shutdown
2019-02-25 12:37:05,079 INFO  o.s.j.e.a.AnnotationMBeanExporter - Unregistering JMX-exposed beans
2019-02-25 12:37:05,100 INFO  o.s.s.c.ThreadPoolTaskScheduler - Shutting down ExecutorService 'taskScheduler'
2019-02-25 18:04:57,120 INFO  o.h.validator.internal.util.Version - HV000001: Hibernate Validator 5.2.2.Final
2019-02-25 18:04:57,201 INFO  o.s.c.a.AnnotationConfigApplicationContext - Refreshing org.springframework.context.annotation.AnnotationConfigApplicationContext@3fe1824b: startup date [Mon Feb 25 18:04:57 IST 2019]; root of context hierarchy
2019-02-25 18:04:57,417 INFO  o.s.b.f.a.AutowiredAnnotationBeanPostProcessor - JSR-330 'javax.inject.Inject' annotation found and supported for autowiring
2019-02-25 18:04:57,541 INFO  o.s.c.s.PostProcessorRegistrationDelegate$BeanPostProcessorChecker - Bean 'configurationPropertiesRebinderAutoConfiguration' of type [class org.springframework.cloud.autoconfigure.ConfigurationPropertiesRebinderAutoConfiguration$$EnhancerBySpringCGLIB$$1a2aea30] is not eligible for getting processed by all BeanPostProcessors (for example: not eligible for auto-proxying)
2019-02-25 18:04:57,883 INFO  o.s.c.c.c.ConfigServicePropertySourceLocator - Fetching config from server at: http://localhost:8888
2019-02-25 18:04:58,033 WARN  o.s.c.c.c.ConfigServicePropertySourceLocator - Could not locate PropertySource: I/O error on GET request for "http://localhost:8888/application/default": Connection refused (Connection refused); nested exception is java.net.ConnectException: Connection refused (Connection refused)
2019-02-25 18:04:58,040 INFO  com.capitalone.dashboard.Application - No profiles are active
2019-02-25 18:04:58,057 INFO  o.s.c.a.AnnotationConfigApplicationContext - Refreshing org.springframework.context.annotation.AnnotationConfigApplicationContext@480f79d0: startup date [Mon Feb 25 18:04:58 IST 2019]; parent: org.springframework.context.annotation.AnnotationConfigApplicationContext@3fe1824b
2019-02-25 18:04:59,388 INFO  o.s.cloud.context.scope.GenericScope - BeanFactory id=e9eeabd9-0825-3756-b1e5-7fbca0d8eea7
2019-02-25 18:04:59,392 INFO  c.u.j.EnableEncryptablePropertySourcesPostProcessor - Post-processing PropertySource instances
2019-02-25 18:04:59,401 INFO  c.u.j.c.StringEncryptorConfiguration - String Encryptor custom Bean not found with name 'jasyptStringEncryptor'. Initializing String Encryptor based on properties with name 'jasyptStringEncryptor'
2019-02-25 18:04:59,408 INFO  c.u.j.EnableEncryptablePropertySourcesPostProcessor - Converting PropertySource commandLineArgs [org.springframework.core.env.SimpleCommandLinePropertySource] to EncryptableEnumerablePropertySourceWrapper
2019-02-25 18:04:59,408 INFO  c.u.j.EnableEncryptablePropertySourcesPostProcessor - Converting PropertySource systemProperties [org.springframework.core.env.MapPropertySource] to EncryptableMapPropertySourceWrapper
2019-02-25 18:04:59,408 INFO  c.u.j.EnableEncryptablePropertySourcesPostProcessor - Converting PropertySource systemEnvironment [org.springframework.core.env.SystemEnvironmentPropertySource] to EncryptableMapPropertySourceWrapper
2019-02-25 18:04:59,408 INFO  c.u.j.EnableEncryptablePropertySourcesPostProcessor - Converting PropertySource random [org.springframework.boot.context.config.RandomValuePropertySource] to EncryptablePropertySourceWrapper
2019-02-25 18:04:59,408 INFO  c.u.j.EnableEncryptablePropertySourcesPostProcessor - Converting PropertySource applicationConfig: [file:../gitlabfeature.properties] [org.springframework.core.env.PropertiesPropertySource] to EncryptableMapPropertySourceWrapper
2019-02-25 18:04:59,408 INFO  c.u.j.EnableEncryptablePropertySourcesPostProcessor - Converting PropertySource springCloudClientHostInfo [org.springframework.core.env.MapPropertySource] to EncryptableMapPropertySourceWrapper
2019-02-25 18:04:59,408 INFO  c.u.j.EnableEncryptablePropertySourcesPostProcessor - Converting PropertySource defaultProperties [org.springframework.core.env.MapPropertySource] to EncryptableMapPropertySourceWrapper
2019-02-25 18:04:59,412 INFO  o.s.b.f.a.AutowiredAnnotationBeanPostProcessor - JSR-330 'javax.inject.Inject' annotation found and supported for autowiring
2019-02-25 18:04:59,439 INFO  o.s.c.s.PostProcessorRegistrationDelegate$BeanPostProcessorChecker - Bean 'application' of type [class com.capitalone.dashboard.Application$$EnhancerBySpringCGLIB$$67fd484b] is not eligible for getting processed by all BeanPostProcessors (for example: not eligible for auto-proxying)
2019-02-25 18:04:59,458 INFO  o.s.s.a.AsyncAnnotationBeanPostProcessor - No TaskExecutor bean found for async annotation processing.
2019-02-25 18:04:59,495 INFO  o.s.c.s.PostProcessorRegistrationDelegate$BeanPostProcessorChecker - Bean 'org.springframework.cloud.autoconfigure.ConfigurationPropertiesRebinderAutoConfiguration' of type [class org.springframework.cloud.autoconfigure.ConfigurationPropertiesRebinderAutoConfiguration$$EnhancerBySpringCGLIB$$1a2aea30] is not eligible for getting processed by all BeanPostProcessors (for example: not eligible for auto-proxying)
2019-02-25 18:04:59,655 INFO  c.c.dashboard.config.MongoConfig - ReplicaSetfalse
2019-02-25 18:04:59,734 INFO  c.c.dashboard.config.MongoConfig - Initializing Mongo Client server at: localhost:27017
2019-02-25 18:04:59,766 INFO  org.mongodb.driver.cluster - Cluster created with settings {hosts=[localhost:27017], mode=SINGLE, requiredClusterType=UNKNOWN, serverSelectionTimeout='30000 ms', maxWaitQueueSize=500}
2019-02-25 18:04:59,837 INFO  c.c.dashboard.config.MongoConfig - Connecting to Mongo: Mongo{options=MongoClientOptions{description='null', readPreference=primary, writeConcern=WriteConcern{w=1, wtimeout=0, fsync=false, j=false, codecRegistry=org.bson.codecs.configuration.ProvidersCodecRegistry@2fd8b2a5, minConnectionsPerHost=0, maxConnectionsPerHost=100, threadsAllowedToBlockForConnectionMultiplier=5, serverSelectionTimeout=30000, maxWaitTime=120000, maxConnectionIdleTime=0, maxConnectionLifeTime=0, connectTimeout=10000, socketTimeout=0, socketKeepAlive=false, sslEnabled=false, sslInvalidHostNamesAllowed=false, alwaysUseMBeans=false, heartbeatFrequency=10000, minHeartbeatFrequency=500, heartbeatConnectTimeout=20000, heartbeatSocketTimeout=20000, localThreshold=15, requiredReplicaSetName='null', dbDecoderFactory=com.mongodb.DefaultDBDecoder$1@507949a9, dbEncoderFactory=com.mongodb.DefaultDBEncoder$1@5467a2dc, socketFactory=javax.net.DefaultSocketFactory@3c015bcb, cursorFinalizerEnabled=true, connectionPoolSettings=ConnectionPoolSettings{maxSize=100, minSize=0, maxWaitQueueSize=500, maxWaitTimeMS=120000, maxConnectionLifeTimeMS=0, maxConnectionIdleTimeMS=0, maintenanceInitialDelayMS=0, maintenanceFrequencyMS=60000}, socketSettings=SocketSettings{connectTimeoutMS=10000, readTimeoutMS=0, keepAlive=false, receiveBufferSize=0, sendBufferSize=0}, serverSettings=ServerSettings{heartbeatFrequencyMS=10000, minHeartbeatFrequencyMS=500}, heartbeatSocketSettings=SocketSettings{connectTimeoutMS=20000, readTimeoutMS=20000, keepAlive=false, receiveBufferSize=0, sendBufferSize=0}}}
2019-02-25 18:04:59,873 INFO  org.mongodb.driver.connection - Opened connection [connectionId{localValue:1, serverValue:985}] to localhost:27017
2019-02-25 18:04:59,874 INFO  org.mongodb.driver.cluster - Monitor thread successfully connected to server with description ServerDescription{address=localhost:27017, type=STANDALONE, state=CONNECTED, ok=true, version=ServerVersion{versionList=[3, 4, 19]}, minWireVersion=0, maxWireVersion=5, electionId=null, maxDocumentSize=16777216, roundTripTimeNanos=1392633}
2019-02-25 18:05:00,023 INFO  org.mongodb.driver.connection - Opened connection [connectionId{localValue:2, serverValue:986}] to localhost:27017
2019-02-25 18:05:00,268 INFO  o.s.s.c.ThreadPoolTaskScheduler - Initializing ExecutorService  'taskScheduler'
2019-02-25 18:05:00,648 INFO  c.c.dashboard.config.MongoConfig - ReplicaSetfalse
2019-02-25 18:05:00,648 INFO  c.c.dashboard.config.MongoConfig - Initializing Mongo Client server at: localhost:27017
2019-02-25 18:05:00,649 INFO  org.mongodb.driver.cluster - Cluster created with settings {hosts=[localhost:27017], mode=SINGLE, requiredClusterType=UNKNOWN, serverSelectionTimeout='30000 ms', maxWaitQueueSize=500}
2019-02-25 18:05:00,651 INFO  org.mongodb.driver.connection - Opened connection [connectionId{localValue:3, serverValue:987}] to localhost:27017
2019-02-25 18:05:00,652 INFO  org.mongodb.driver.cluster - Monitor thread successfully connected to server with description ServerDescription{address=localhost:27017, type=STANDALONE, state=CONNECTED, ok=true, version=ServerVersion{versionList=[3, 4, 19]}, minWireVersion=0, maxWireVersion=5, electionId=null, maxDocumentSize=16777216, roundTripTimeNanos=273006}
2019-02-25 18:05:00,655 INFO  c.c.dashboard.config.MongoConfig - Connecting to Mongo: Mongo{options=MongoClientOptions{description='null', readPreference=primary, writeConcern=WriteConcern{w=1, wtimeout=0, fsync=false, j=false, codecRegistry=org.bson.codecs.configuration.ProvidersCodecRegistry@2fd8b2a5, minConnectionsPerHost=0, maxConnectionsPerHost=100, threadsAllowedToBlockForConnectionMultiplier=5, serverSelectionTimeout=30000, maxWaitTime=120000, maxConnectionIdleTime=0, maxConnectionLifeTime=0, connectTimeout=10000, socketTimeout=0, socketKeepAlive=false, sslEnabled=false, sslInvalidHostNamesAllowed=false, alwaysUseMBeans=false, heartbeatFrequency=10000, minHeartbeatFrequency=500, heartbeatConnectTimeout=20000, heartbeatSocketTimeout=20000, localThreshold=15, requiredReplicaSetName='null', dbDecoderFactory=com.mongodb.DefaultDBDecoder$1@507949a9, dbEncoderFactory=com.mongodb.DefaultDBEncoder$1@5467a2dc, socketFactory=javax.net.DefaultSocketFactory@3c015bcb, cursorFinalizerEnabled=true, connectionPoolSettings=ConnectionPoolSettings{maxSize=100, minSize=0, maxWaitQueueSize=500, maxWaitTimeMS=120000, maxConnectionLifeTimeMS=0, maxConnectionIdleTimeMS=0, maintenanceInitialDelayMS=0, maintenanceFrequencyMS=60000}, socketSettings=SocketSettings{connectTimeoutMS=10000, readTimeoutMS=0, keepAlive=false, receiveBufferSize=0, sendBufferSize=0}, serverSettings=ServerSettings{heartbeatFrequencyMS=10000, minHeartbeatFrequencyMS=500}, heartbeatSocketSettings=SocketSettings{connectTimeoutMS=20000, readTimeoutMS=20000, keepAlive=false, receiveBufferSize=0, sendBufferSize=0}}}
2019-02-25 18:05:00,663 INFO  c.c.dashboard.config.MongoConfig - ReplicaSetfalse
2019-02-25 18:05:00,663 INFO  c.c.dashboard.config.MongoConfig - Initializing Mongo Client server at: localhost:27017
2019-02-25 18:05:00,663 INFO  org.mongodb.driver.cluster - Cluster created with settings {hosts=[localhost:27017], mode=SINGLE, requiredClusterType=UNKNOWN, serverSelectionTimeout='30000 ms', maxWaitQueueSize=500}
2019-02-25 18:05:00,667 INFO  c.c.dashboard.config.MongoConfig - Connecting to Mongo: Mongo{options=MongoClientOptions{description='null', readPreference=primary, writeConcern=WriteConcern{w=1, wtimeout=0, fsync=false, j=false, codecRegistry=org.bson.codecs.configuration.ProvidersCodecRegistry@2fd8b2a5, minConnectionsPerHost=0, maxConnectionsPerHost=100, threadsAllowedToBlockForConnectionMultiplier=5, serverSelectionTimeout=30000, maxWaitTime=120000, maxConnectionIdleTime=0, maxConnectionLifeTime=0, connectTimeout=10000, socketTimeout=0, socketKeepAlive=false, sslEnabled=false, sslInvalidHostNamesAllowed=false, alwaysUseMBeans=false, heartbeatFrequency=10000, minHeartbeatFrequency=500, heartbeatConnectTimeout=20000, heartbeatSocketTimeout=20000, localThreshold=15, requiredReplicaSetName='null', dbDecoderFactory=com.mongodb.DefaultDBDecoder$1@507949a9, dbEncoderFactory=com.mongodb.DefaultDBEncoder$1@5467a2dc, socketFactory=javax.net.DefaultSocketFactory@3c015bcb, cursorFinalizerEnabled=true, connectionPoolSettings=ConnectionPoolSettings{maxSize=100, minSize=0, maxWaitQueueSize=500, maxWaitTimeMS=120000, maxConnectionLifeTimeMS=0, maxConnectionIdleTimeMS=0, maintenanceInitialDelayMS=0, maintenanceFrequencyMS=60000}, socketSettings=SocketSettings{connectTimeoutMS=10000, readTimeoutMS=0, keepAlive=false, receiveBufferSize=0, sendBufferSize=0}, serverSettings=ServerSettings{heartbeatFrequencyMS=10000, minHeartbeatFrequencyMS=500}, heartbeatSocketSettings=SocketSettings{connectTimeoutMS=20000, readTimeoutMS=20000, keepAlive=false, receiveBufferSize=0, sendBufferSize=0}}}
2019-02-25 18:05:00,680 INFO  org.mongodb.driver.connection - Opened connection [connectionId{localValue:4, serverValue:988}] to localhost:27017
2019-02-25 18:05:00,681 INFO  org.mongodb.driver.cluster - Monitor thread successfully connected to server with description ServerDescription{address=localhost:27017, type=STANDALONE, state=CONNECTED, ok=true, version=ServerVersion{versionList=[3, 4, 19]}, minWireVersion=0, maxWireVersion=5, electionId=null, maxDocumentSize=16777216, roundTripTimeNanos=294507}
2019-02-25 18:05:01,194 INFO  c.c.dashboard.config.MongoConfig - ReplicaSetfalse
2019-02-25 18:05:01,195 INFO  c.c.dashboard.config.MongoConfig - Initializing Mongo Client server at: localhost:27017
2019-02-25 18:05:01,195 INFO  org.mongodb.driver.cluster - Cluster created with settings {hosts=[localhost:27017], mode=SINGLE, requiredClusterType=UNKNOWN, serverSelectionTimeout='30000 ms', maxWaitQueueSize=500}
2019-02-25 18:05:01,196 INFO  c.c.dashboard.config.MongoConfig - Connecting to Mongo: Mongo{options=MongoClientOptions{description='null', readPreference=primary, writeConcern=WriteConcern{w=1, wtimeout=0, fsync=false, j=false, codecRegistry=org.bson.codecs.configuration.ProvidersCodecRegistry@2fd8b2a5, minConnectionsPerHost=0, maxConnectionsPerHost=100, threadsAllowedToBlockForConnectionMultiplier=5, serverSelectionTimeout=30000, maxWaitTime=120000, maxConnectionIdleTime=0, maxConnectionLifeTime=0, connectTimeout=10000, socketTimeout=0, socketKeepAlive=false, sslEnabled=false, sslInvalidHostNamesAllowed=false, alwaysUseMBeans=false, heartbeatFrequency=10000, minHeartbeatFrequency=500, heartbeatConnectTimeout=20000, heartbeatSocketTimeout=20000, localThreshold=15, requiredReplicaSetName='null', dbDecoderFactory=com.mongodb.DefaultDBDecoder$1@507949a9, dbEncoderFactory=com.mongodb.DefaultDBEncoder$1@5467a2dc, socketFactory=javax.net.DefaultSocketFactory@3c015bcb, cursorFinalizerEnabled=true, connectionPoolSettings=ConnectionPoolSettings{maxSize=100, minSize=0, maxWaitQueueSize=500, maxWaitTimeMS=120000, maxConnectionLifeTimeMS=0, maxConnectionIdleTimeMS=0, maintenanceInitialDelayMS=0, maintenanceFrequencyMS=60000}, socketSettings=SocketSettings{connectTimeoutMS=10000, readTimeoutMS=0, keepAlive=false, receiveBufferSize=0, sendBufferSize=0}, serverSettings=ServerSettings{heartbeatFrequencyMS=10000, minHeartbeatFrequencyMS=500}, heartbeatSocketSettings=SocketSettings{connectTimeoutMS=20000, readTimeoutMS=20000, keepAlive=false, receiveBufferSize=0, sendBufferSize=0}}}
2019-02-25 18:05:01,200 INFO  org.mongodb.driver.connection - Opened connection [connectionId{localValue:5, serverValue:989}] to localhost:27017
2019-02-25 18:05:01,201 INFO  org.mongodb.driver.cluster - Monitor thread successfully connected to server with description ServerDescription{address=localhost:27017, type=STANDALONE, state=CONNECTED, ok=true, version=ServerVersion{versionList=[3, 4, 19]}, minWireVersion=0, maxWireVersion=5, electionId=null, maxDocumentSize=16777216, roundTripTimeNanos=512512}
2019-02-25 18:05:01,833 INFO  o.s.j.e.a.AnnotationMBeanExporter - Registering beans for JMX exposure on startup
2019-02-25 18:05:01,841 INFO  o.s.j.e.a.AnnotationMBeanExporter - Bean with name 'configurationPropertiesRebinder' has been autodetected for JMX exposure
2019-02-25 18:05:01,841 INFO  o.s.j.e.a.AnnotationMBeanExporter - Bean with name 'environmentManager' has been autodetected for JMX exposure
2019-02-25 18:05:01,842 INFO  o.s.j.e.a.AnnotationMBeanExporter - Bean with name 'refreshScope' has been autodetected for JMX exposure
2019-02-25 18:05:01,844 INFO  o.s.j.e.a.AnnotationMBeanExporter - Located managed bean 'environmentManager': registering with JMX server as MBean [org.springframework.cloud.context.environment:name=environmentManager,type=EnvironmentManager]
2019-02-25 18:05:01,855 INFO  o.s.j.e.a.AnnotationMBeanExporter - Located managed bean 'refreshScope': registering with JMX server as MBean [org.springframework.cloud.context.scope.refresh:name=refreshScope,type=RefreshScope]
2019-02-25 18:05:01,861 INFO  o.s.j.e.a.AnnotationMBeanExporter - Located managed bean 'configurationPropertiesRebinder': registering with JMX server as MBean [org.springframework.cloud.context.properties:name=configurationPropertiesRebinder,context=480f79d0,type=ConfigurationPropertiesRebinder]
2019-02-25 18:05:01,895 INFO  com.capitalone.dashboard.Application - Started Application in 5.157 seconds (JVM running for 5.751)
2019-02-25 18:06:00,001 INFO  c.c.d.collector.CollectorTask - Running Collector: GitlabFeature
2019-02-25 18:06:00,020 INFO  c.c.d.collector.CollectorTask - -----------------------------------
2019-02-25 18:06:00,021 INFO  c.c.d.collector.CollectorTask - Starting...
2019-02-25 18:06:00,021 INFO  c.c.d.collector.CollectorTask - -----------------------------------
2019-02-25 18:06:00,088 INFO  c.c.d.gitlab.DefaultGitlabClient - Could not retrieve data from the following URI: http://Gitlab-bic:80/api/v4/projects/128%2F10313/boards?per_page=100
2019-02-25 18:06:00,088 INFO  c.c.d.gitlab.DefaultGitlabClient - Could not retrieve data from the following URI: http://Gitlab-bic:80/api/v4/projects/BIC_Framework%2FLalit+Agrawal/boards?per_page=100
2019-02-25 18:06:00,089 INFO  c.c.d.gitlab.DefaultGitlabClient - Could not retrieve data from the following URI: http://Gitlab-bic:80/api/v4/projects/http%3A%2F%2FGitlab-BIC%2FBI-Clinical%2FRMM%2FRMM/boards?per_page=100
2019-02-25 18:06:00,102 INFO  c.c.d.gitlab.DefaultGitlabClient - Could not retrieve data from the following URI: http://Gitlab-bic:80/api/v4/projects/128%2F10313/issues?per_page=100
2019-02-25 18:06:00,102 INFO  c.c.d.gitlab.DefaultGitlabClient - Could not retrieve data from the following URI: http://Gitlab-bic:80/api/v4/projects/BIC_Framework%2FLalit+Agrawal/issues?per_page=100
2019-02-25 18:06:00,104 INFO  c.c.d.gitlab.DefaultGitlabClient - Could not retrieve data from the following URI: http://Gitlab-bic:80/api/v4/projects/http%3A%2F%2FGitlab-BIC%2FBI-Clinical%2FRMM%2FRMM/issues?per_page=100
2019-02-25 18:06:00,124 INFO  org.mongodb.driver.connection - Opened connection [connectionId{localValue:6, serverValue:992}] to localhost:27017
2019-02-25 18:06:00,126 INFO  c.c.d.collector.CollectorTask - Issues Added/Updated    0        0s
2019-02-25 18:06:00,126 INFO  c.c.d.collector.CollectorTask - Issues Deleted          0        0s
2019-02-25 18:06:56,789 INFO  o.s.c.a.AnnotationConfigApplicationContext - Closing org.springframework.context.annotation.AnnotationConfigApplicationContext@480f79d0: startup date [Mon Feb 25 18:04:58 IST 2019]; parent: org.springframework.context.annotation.AnnotationConfigApplicationContext@3fe1824b
2019-02-25 18:06:56,809 INFO  o.s.j.e.a.AnnotationMBeanExporter - Unregistering JMX-exposed beans on shutdown
2019-02-25 18:06:56,811 INFO  o.s.j.e.a.AnnotationMBeanExporter - Unregistering JMX-exposed beans
2019-02-25 18:06:56,834 INFO  o.s.s.c.ThreadPoolTaskScheduler - Shutting down ExecutorService 'taskScheduler'
2019-02-25 18:07:29,112 INFO  o.h.validator.internal.util.Version - HV000001: Hibernate Validator 5.2.2.Final
2019-02-25 18:07:29,202 INFO  o.s.c.a.AnnotationConfigApplicationContext - Refreshing org.springframework.context.annotation.AnnotationConfigApplicationContext@3fe1824b: startup date [Mon Feb 25 18:07:29 IST 2019]; root of context hierarchy
2019-02-25 18:07:29,412 INFO  o.s.b.f.a.AutowiredAnnotationBeanPostProcessor - JSR-330 'javax.inject.Inject' annotation found and supported for autowiring
2019-02-25 18:07:29,503 INFO  o.s.c.s.PostProcessorRegistrationDelegate$BeanPostProcessorChecker - Bean 'configurationPropertiesRebinderAutoConfiguration' of type [class org.springframework.cloud.autoconfigure.ConfigurationPropertiesRebinderAutoConfiguration$$EnhancerBySpringCGLIB$$1a2aea30] is not eligible for getting processed by all BeanPostProcessors (for example: not eligible for auto-proxying)
2019-02-25 18:07:29,750 INFO  o.s.c.c.c.ConfigServicePropertySourceLocator - Fetching config from server at: http://localhost:8888
2019-02-25 18:07:29,884 WARN  o.s.c.c.c.ConfigServicePropertySourceLocator - Could not locate PropertySource: I/O error on GET request for "http://localhost:8888/application/default": Connection refused (Connection refused); nested exception is java.net.ConnectException: Connection refused (Connection refused)
2019-02-25 18:07:29,885 INFO  com.capitalone.dashboard.Application - No profiles are active
2019-02-25 18:07:29,899 INFO  o.s.c.a.AnnotationConfigApplicationContext - Refreshing org.springframework.context.annotation.AnnotationConfigApplicationContext@480f79d0: startup date [Mon Feb 25 18:07:29 IST 2019]; parent: org.springframework.context.annotation.AnnotationConfigApplicationContext@3fe1824b
2019-02-25 18:07:31,148 INFO  o.s.cloud.context.scope.GenericScope - BeanFactory id=e9eeabd9-0825-3756-b1e5-7fbca0d8eea7
2019-02-25 18:07:31,152 INFO  c.u.j.EnableEncryptablePropertySourcesPostProcessor - Post-processing PropertySource instances
2019-02-25 18:07:31,160 INFO  c.u.j.c.StringEncryptorConfiguration - String Encryptor custom Bean not found with name 'jasyptStringEncryptor'. Initializing String Encryptor based on properties with name 'jasyptStringEncryptor'
2019-02-25 18:07:31,165 INFO  c.u.j.EnableEncryptablePropertySourcesPostProcessor - Converting PropertySource commandLineArgs [org.springframework.core.env.SimpleCommandLinePropertySource] to EncryptableEnumerablePropertySourceWrapper
2019-02-25 18:07:31,166 INFO  c.u.j.EnableEncryptablePropertySourcesPostProcessor - Converting PropertySource systemProperties [org.springframework.core.env.MapPropertySource] to EncryptableMapPropertySourceWrapper
2019-02-25 18:07:31,166 INFO  c.u.j.EnableEncryptablePropertySourcesPostProcessor - Converting PropertySource systemEnvironment [org.springframework.core.env.SystemEnvironmentPropertySource] to EncryptableMapPropertySourceWrapper
2019-02-25 18:07:31,166 INFO  c.u.j.EnableEncryptablePropertySourcesPostProcessor - Converting PropertySource random [org.springframework.boot.context.config.RandomValuePropertySource] to EncryptablePropertySourceWrapper
2019-02-25 18:07:31,166 INFO  c.u.j.EnableEncryptablePropertySourcesPostProcessor - Converting PropertySource applicationConfig: [file:../gitlabfeature.properties] [org.springframework.core.env.PropertiesPropertySource] to EncryptableMapPropertySourceWrapper
2019-02-25 18:07:31,166 INFO  c.u.j.EnableEncryptablePropertySourcesPostProcessor - Converting PropertySource springCloudClientHostInfo [org.springframework.core.env.MapPropertySource] to EncryptableMapPropertySourceWrapper
2019-02-25 18:07:31,166 INFO  c.u.j.EnableEncryptablePropertySourcesPostProcessor - Converting PropertySource defaultProperties [org.springframework.core.env.MapPropertySource] to EncryptableMapPropertySourceWrapper
2019-02-25 18:07:31,169 INFO  o.s.b.f.a.AutowiredAnnotationBeanPostProcessor - JSR-330 'javax.inject.Inject' annotation found and supported for autowiring
2019-02-25 18:07:31,193 INFO  o.s.c.s.PostProcessorRegistrationDelegate$BeanPostProcessorChecker - Bean 'application' of type [class com.capitalone.dashboard.Application$$EnhancerBySpringCGLIB$$67fd484b] is not eligible for getting processed by all BeanPostProcessors (for example: not eligible for auto-proxying)
2019-02-25 18:07:31,211 INFO  o.s.s.a.AsyncAnnotationBeanPostProcessor - No TaskExecutor bean found for async annotation processing.
2019-02-25 18:07:31,244 INFO  o.s.c.s.PostProcessorRegistrationDelegate$BeanPostProcessorChecker - Bean 'org.springframework.cloud.autoconfigure.ConfigurationPropertiesRebinderAutoConfiguration' of type [class org.springframework.cloud.autoconfigure.ConfigurationPropertiesRebinderAutoConfiguration$$EnhancerBySpringCGLIB$$1a2aea30] is not eligible for getting processed by all BeanPostProcessors (for example: not eligible for auto-proxying)
2019-02-25 18:07:31,384 INFO  c.c.dashboard.config.MongoConfig - ReplicaSetfalse
2019-02-25 18:07:31,454 INFO  c.c.dashboard.config.MongoConfig - Initializing Mongo Client server at: localhost:27017
2019-02-25 18:07:31,483 INFO  org.mongodb.driver.cluster - Cluster created with settings {hosts=[localhost:27017], mode=SINGLE, requiredClusterType=UNKNOWN, serverSelectionTimeout='30000 ms', maxWaitQueueSize=500}
2019-02-25 18:07:31,535 INFO  c.c.dashboard.config.MongoConfig - Connecting to Mongo: Mongo{options=MongoClientOptions{description='null', readPreference=primary, writeConcern=WriteConcern{w=1, wtimeout=0, fsync=false, j=false, codecRegistry=org.bson.codecs.configuration.ProvidersCodecRegistry@2fd8b2a5, minConnectionsPerHost=0, maxConnectionsPerHost=100, threadsAllowedToBlockForConnectionMultiplier=5, serverSelectionTimeout=30000, maxWaitTime=120000, maxConnectionIdleTime=0, maxConnectionLifeTime=0, connectTimeout=10000, socketTimeout=0, socketKeepAlive=false, sslEnabled=false, sslInvalidHostNamesAllowed=false, alwaysUseMBeans=false, heartbeatFrequency=10000, minHeartbeatFrequency=500, heartbeatConnectTimeout=20000, heartbeatSocketTimeout=20000, localThreshold=15, requiredReplicaSetName='null', dbDecoderFactory=com.mongodb.DefaultDBDecoder$1@507949a9, dbEncoderFactory=com.mongodb.DefaultDBEncoder$1@5467a2dc, socketFactory=javax.net.DefaultSocketFactory@3c015bcb, cursorFinalizerEnabled=true, connectionPoolSettings=ConnectionPoolSettings{maxSize=100, minSize=0, maxWaitQueueSize=500, maxWaitTimeMS=120000, maxConnectionLifeTimeMS=0, maxConnectionIdleTimeMS=0, maintenanceInitialDelayMS=0, maintenanceFrequencyMS=60000}, socketSettings=SocketSettings{connectTimeoutMS=10000, readTimeoutMS=0, keepAlive=false, receiveBufferSize=0, sendBufferSize=0}, serverSettings=ServerSettings{heartbeatFrequencyMS=10000, minHeartbeatFrequencyMS=500}, heartbeatSocketSettings=SocketSettings{connectTimeoutMS=20000, readTimeoutMS=20000, keepAlive=false, receiveBufferSize=0, sendBufferSize=0}}}
2019-02-25 18:07:31,566 INFO  org.mongodb.driver.connection - Opened connection [connectionId{localValue:1, serverValue:997}] to localhost:27017
2019-02-25 18:07:31,568 INFO  org.mongodb.driver.cluster - Monitor thread successfully connected to server with description ServerDescription{address=localhost:27017, type=STANDALONE, state=CONNECTED, ok=true, version=ServerVersion{versionList=[3, 4, 19]}, minWireVersion=0, maxWireVersion=5, electionId=null, maxDocumentSize=16777216, roundTripTimeNanos=1568636}
2019-02-25 18:07:31,667 INFO  org.mongodb.driver.connection - Opened connection [connectionId{localValue:2, serverValue:998}] to localhost:27017
2019-02-25 18:07:31,844 INFO  o.s.s.c.ThreadPoolTaskScheduler - Initializing ExecutorService  'taskScheduler'
2019-02-25 18:07:32,164 INFO  c.c.dashboard.config.MongoConfig - ReplicaSetfalse
2019-02-25 18:07:32,164 INFO  c.c.dashboard.config.MongoConfig - Initializing Mongo Client server at: localhost:27017
2019-02-25 18:07:32,165 INFO  org.mongodb.driver.cluster - Cluster created with settings {hosts=[localhost:27017], mode=SINGLE, requiredClusterType=UNKNOWN, serverSelectionTimeout='30000 ms', maxWaitQueueSize=500}
2019-02-25 18:07:32,166 INFO  c.c.dashboard.config.MongoConfig - Connecting to Mongo: Mongo{options=MongoClientOptions{description='null', readPreference=primary, writeConcern=WriteConcern{w=1, wtimeout=0, fsync=false, j=false, codecRegistry=org.bson.codecs.configuration.ProvidersCodecRegistry@2fd8b2a5, minConnectionsPerHost=0, maxConnectionsPerHost=100, threadsAllowedToBlockForConnectionMultiplier=5, serverSelectionTimeout=30000, maxWaitTime=120000, maxConnectionIdleTime=0, maxConnectionLifeTime=0, connectTimeout=10000, socketTimeout=0, socketKeepAlive=false, sslEnabled=false, sslInvalidHostNamesAllowed=false, alwaysUseMBeans=false, heartbeatFrequency=10000, minHeartbeatFrequency=500, heartbeatConnectTimeout=20000, heartbeatSocketTimeout=20000, localThreshold=15, requiredReplicaSetName='null', dbDecoderFactory=com.mongodb.DefaultDBDecoder$1@507949a9, dbEncoderFactory=com.mongodb.DefaultDBEncoder$1@5467a2dc, socketFactory=javax.net.DefaultSocketFactory@3c015bcb, cursorFinalizerEnabled=true, connectionPoolSettings=ConnectionPoolSettings{maxSize=100, minSize=0, maxWaitQueueSize=500, maxWaitTimeMS=120000, maxConnectionLifeTimeMS=0, maxConnectionIdleTimeMS=0, maintenanceInitialDelayMS=0, maintenanceFrequencyMS=60000}, socketSettings=SocketSettings{connectTimeoutMS=10000, readTimeoutMS=0, keepAlive=false, receiveBufferSize=0, sendBufferSize=0}, serverSettings=ServerSettings{heartbeatFrequencyMS=10000, minHeartbeatFrequencyMS=500}, heartbeatSocketSettings=SocketSettings{connectTimeoutMS=20000, readTimeoutMS=20000, keepAlive=false, receiveBufferSize=0, sendBufferSize=0}}}
2019-02-25 18:07:32,172 INFO  c.c.dashboard.config.MongoConfig - ReplicaSetfalse
2019-02-25 18:07:32,172 INFO  c.c.dashboard.config.MongoConfig - Initializing Mongo Client server at: localhost:27017
2019-02-25 18:07:32,173 INFO  org.mongodb.driver.cluster - Cluster created with settings {hosts=[localhost:27017], mode=SINGLE, requiredClusterType=UNKNOWN, serverSelectionTimeout='30000 ms', maxWaitQueueSize=500}
2019-02-25 18:07:32,173 INFO  org.mongodb.driver.connection - Opened connection [connectionId{localValue:3, serverValue:999}] to localhost:27017
2019-02-25 18:07:32,174 INFO  org.mongodb.driver.cluster - Monitor thread successfully connected to server with description ServerDescription{address=localhost:27017, type=STANDALONE, state=CONNECTED, ok=true, version=ServerVersion{versionList=[3, 4, 19]}, minWireVersion=0, maxWireVersion=5, electionId=null, maxDocumentSize=16777216, roundTripTimeNanos=276306}
2019-02-25 18:07:32,175 INFO  c.c.dashboard.config.MongoConfig - Connecting to Mongo: Mongo{options=MongoClientOptions{description='null', readPreference=primary, writeConcern=WriteConcern{w=1, wtimeout=0, fsync=false, j=false, codecRegistry=org.bson.codecs.configuration.ProvidersCodecRegistry@2fd8b2a5, minConnectionsPerHost=0, maxConnectionsPerHost=100, threadsAllowedToBlockForConnectionMultiplier=5, serverSelectionTimeout=30000, maxWaitTime=120000, maxConnectionIdleTime=0, maxConnectionLifeTime=0, connectTimeout=10000, socketTimeout=0, socketKeepAlive=false, sslEnabled=false, sslInvalidHostNamesAllowed=false, alwaysUseMBeans=false, heartbeatFrequency=10000, minHeartbeatFrequency=500, heartbeatConnectTimeout=20000, heartbeatSocketTimeout=20000, localThreshold=15, requiredReplicaSetName='null', dbDecoderFactory=com.mongodb.DefaultDBDecoder$1@507949a9, dbEncoderFactory=com.mongodb.DefaultDBEncoder$1@5467a2dc, socketFactory=javax.net.DefaultSocketFactory@3c015bcb, cursorFinalizerEnabled=true, connectionPoolSettings=ConnectionPoolSettings{maxSize=100, minSize=0, maxWaitQueueSize=500, maxWaitTimeMS=120000, maxConnectionLifeTimeMS=0, maxConnectionIdleTimeMS=0, maintenanceInitialDelayMS=0, maintenanceFrequencyMS=60000}, socketSettings=SocketSettings{connectTimeoutMS=10000, readTimeoutMS=0, keepAlive=false, receiveBufferSize=0, sendBufferSize=0}, serverSettings=ServerSettings{heartbeatFrequencyMS=10000, minHeartbeatFrequencyMS=500}, heartbeatSocketSettings=SocketSettings{connectTimeoutMS=20000, readTimeoutMS=20000, keepAlive=false, receiveBufferSize=0, sendBufferSize=0}}}
2019-02-25 18:07:32,184 INFO  org.mongodb.driver.connection - Opened connection [connectionId{localValue:4, serverValue:1000}] to localhost:27017
2019-02-25 18:07:32,184 INFO  org.mongodb.driver.cluster - Monitor thread successfully connected to server with description ServerDescription{address=localhost:27017, type=STANDALONE, state=CONNECTED, ok=true, version=ServerVersion{versionList=[3, 4, 19]}, minWireVersion=0, maxWireVersion=5, electionId=null, maxDocumentSize=16777216, roundTripTimeNanos=335208}
2019-02-25 18:07:32,714 INFO  c.c.dashboard.config.MongoConfig - ReplicaSetfalse
2019-02-25 18:07:32,715 INFO  c.c.dashboard.config.MongoConfig - Initializing Mongo Client server at: localhost:27017
2019-02-25 18:07:32,715 INFO  org.mongodb.driver.cluster - Cluster created with settings {hosts=[localhost:27017], mode=SINGLE, requiredClusterType=UNKNOWN, serverSelectionTimeout='30000 ms', maxWaitQueueSize=500}
2019-02-25 18:07:32,716 INFO  c.c.dashboard.config.MongoConfig - Connecting to Mongo: Mongo{options=MongoClientOptions{description='null', readPreference=primary, writeConcern=WriteConcern{w=1, wtimeout=0, fsync=false, j=false, codecRegistry=org.bson.codecs.configuration.ProvidersCodecRegistry@2fd8b2a5, minConnectionsPerHost=0, maxConnectionsPerHost=100, threadsAllowedToBlockForConnectionMultiplier=5, serverSelectionTimeout=30000, maxWaitTime=120000, maxConnectionIdleTime=0, maxConnectionLifeTime=0, connectTimeout=10000, socketTimeout=0, socketKeepAlive=false, sslEnabled=false, sslInvalidHostNamesAllowed=false, alwaysUseMBeans=false, heartbeatFrequency=10000, minHeartbeatFrequency=500, heartbeatConnectTimeout=20000, heartbeatSocketTimeout=20000, localThreshold=15, requiredReplicaSetName='null', dbDecoderFactory=com.mongodb.DefaultDBDecoder$1@507949a9, dbEncoderFactory=com.mongodb.DefaultDBEncoder$1@5467a2dc, socketFactory=javax.net.DefaultSocketFactory@3c015bcb, cursorFinalizerEnabled=true, connectionPoolSettings=ConnectionPoolSettings{maxSize=100, minSize=0, maxWaitQueueSize=500, maxWaitTimeMS=120000, maxConnectionLifeTimeMS=0, maxConnectionIdleTimeMS=0, maintenanceInitialDelayMS=0, maintenanceFrequencyMS=60000}, socketSettings=SocketSettings{connectTimeoutMS=10000, readTimeoutMS=0, keepAlive=false, receiveBufferSize=0, sendBufferSize=0}, serverSettings=ServerSettings{heartbeatFrequencyMS=10000, minHeartbeatFrequencyMS=500}, heartbeatSocketSettings=SocketSettings{connectTimeoutMS=20000, readTimeoutMS=20000, keepAlive=false, receiveBufferSize=0, sendBufferSize=0}}}
2019-02-25 18:07:32,722 INFO  org.mongodb.driver.connection - Opened connection [connectionId{localValue:5, serverValue:1001}] to localhost:27017
2019-02-25 18:07:32,723 INFO  org.mongodb.driver.cluster - Monitor thread successfully connected to server with description ServerDescription{address=localhost:27017, type=STANDALONE, state=CONNECTED, ok=true, version=ServerVersion{versionList=[3, 4, 19]}, minWireVersion=0, maxWireVersion=5, electionId=null, maxDocumentSize=16777216, roundTripTimeNanos=603214}
2019-02-25 18:07:33,401 INFO  o.s.j.e.a.AnnotationMBeanExporter - Registering beans for JMX exposure on startup
2019-02-25 18:07:33,409 INFO  o.s.j.e.a.AnnotationMBeanExporter - Bean with name 'configurationPropertiesRebinder' has been autodetected for JMX exposure
2019-02-25 18:07:33,409 INFO  o.s.j.e.a.AnnotationMBeanExporter - Bean with name 'environmentManager' has been autodetected for JMX exposure
2019-02-25 18:07:33,410 INFO  o.s.j.e.a.AnnotationMBeanExporter - Bean with name 'refreshScope' has been autodetected for JMX exposure
2019-02-25 18:07:33,411 INFO  o.s.j.e.a.AnnotationMBeanExporter - Located managed bean 'environmentManager': registering with JMX server as MBean [org.springframework.cloud.context.environment:name=environmentManager,type=EnvironmentManager]
2019-02-25 18:07:33,422 INFO  o.s.j.e.a.AnnotationMBeanExporter - Located managed bean 'refreshScope': registering with JMX server as MBean [org.springframework.cloud.context.scope.refresh:name=refreshScope,type=RefreshScope]
2019-02-25 18:07:33,428 INFO  o.s.j.e.a.AnnotationMBeanExporter - Located managed bean 'configurationPropertiesRebinder': registering with JMX server as MBean [org.springframework.cloud.context.properties:name=configurationPropertiesRebinder,context=480f79d0,type=ConfigurationPropertiesRebinder]
2019-02-25 18:07:33,463 INFO  com.capitalone.dashboard.Application - Started Application in 4.823 seconds (JVM running for 5.456)
2019-02-25 18:08:00,001 INFO  c.c.d.collector.CollectorTask - Running Collector: GitlabFeature
2019-02-25 18:08:00,014 INFO  c.c.d.collector.CollectorTask - -----------------------------------
2019-02-25 18:08:00,014 INFO  c.c.d.collector.CollectorTask - Starting...
2019-02-25 18:08:00,014 INFO  c.c.d.collector.CollectorTask - -----------------------------------
2019-02-25 18:08:00,143 INFO  c.c.d.gitlab.DefaultGitlabClient - Could not retrieve data from the following URI: http://Gitlab-bic:80/api/v4/projects/BIC_Framework%2FLalit+Agrawal/boards?per_page=100
2019-02-25 18:08:00,145 INFO  c.c.d.gitlab.DefaultGitlabClient - Could not retrieve data from the following URI: http://Gitlab-bic:80/api/v4/projects/http%3A%2F%2FGitlab-BIC%2FBI-Clinical%2FRMM%2FRMM/boards?per_page=100
2019-02-25 18:08:00,148 INFO  c.c.d.gitlab.DefaultGitlabClient - Could not retrieve data from the following URI: http://Gitlab-bic:80/api/v4/projects/128%2F10313/boards?per_page=100
2019-02-25 18:08:00,158 INFO  c.c.d.gitlab.DefaultGitlabClient - Could not retrieve data from the following URI: http://Gitlab-bic:80/api/v4/projects/BIC_Framework%2FLalit+Agrawal/issues?per_page=100
2019-02-25 18:08:00,162 INFO  c.c.d.gitlab.DefaultGitlabClient - Could not retrieve data from the following URI: http://Gitlab-bic:80/api/v4/projects/http%3A%2F%2FGitlab-BIC%2FBI-Clinical%2FRMM%2FRMM/issues?per_page=100
2019-02-25 18:08:00,166 INFO  c.c.d.gitlab.DefaultGitlabClient - Could not retrieve data from the following URI: http://Gitlab-bic:80/api/v4/projects/128%2F10313/issues?per_page=100
2019-02-25 18:08:00,179 INFO  org.mongodb.driver.connection - Opened connection [connectionId{localValue:6, serverValue:1002}] to localhost:27017
2019-02-25 18:08:00,181 INFO  org.mongodb.driver.connection - Opened connection [connectionId{localValue:7, serverValue:1003}] to localhost:27017
2019-02-25 18:08:00,188 INFO  c.c.d.collector.CollectorTask - Issues Added/Updated    0        0s
2019-02-25 18:08:00,188 INFO  c.c.d.collector.CollectorTask - Issues Deleted          0        0s
2019-02-25 18:09:00,000 INFO  c.c.d.collector.CollectorTask - Running Collector: GitlabFeature
2019-02-25 18:09:00,004 INFO  c.c.d.collector.CollectorTask - -----------------------------------
2019-02-25 18:09:00,005 INFO  c.c.d.collector.CollectorTask - Starting...
2019-02-25 18:09:00,005 INFO  c.c.d.collector.CollectorTask - -----------------------------------
2019-02-25 18:09:00,036 INFO  c.c.d.gitlab.DefaultGitlabClient - Could not retrieve data from the following URI: http://Gitlab-bic:80/api/v4/projects/128%2F10313/boards?per_page=100
2019-02-25 18:09:00,037 INFO  c.c.d.gitlab.DefaultGitlabClient - Could not retrieve data from the following URI: http://Gitlab-bic:80/api/v4/projects/http%3A%2F%2FGitlab-BIC%2FBI-Clinical%2FRMM%2FRMM/boards?per_page=100
2019-02-25 18:09:00,039 INFO  c.c.d.gitlab.DefaultGitlabClient - Could not retrieve data from the following URI: http://Gitlab-bic:80/api/v4/projects/BIC_Framework%2FLalit+Agrawal/boards?per_page=100
2019-02-25 18:09:00,050 INFO  c.c.d.gitlab.DefaultGitlabClient - Could not retrieve data from the following URI: http://Gitlab-bic:80/api/v4/projects/128%2F10313/issues?per_page=100
2019-02-25 18:09:00,054 INFO  c.c.d.gitlab.DefaultGitlabClient - Could not retrieve data from the following URI: http://Gitlab-bic:80/api/v4/projects/http%3A%2F%2FGitlab-BIC%2FBI-Clinical%2FRMM%2FRMM/issues?per_page=100
2019-02-25 18:09:00,066 INFO  c.c.d.gitlab.DefaultGitlabClient - Could not retrieve data from the following URI: http://Gitlab-bic:80/api/v4/projects/BIC_Framework%2FLalit+Agrawal/issues?per_page=100
2019-02-25 18:09:00,072 INFO  c.c.d.collector.CollectorTask - Issues Added/Updated    0        0s
2019-02-25 18:09:00,072 INFO  c.c.d.collector.CollectorTask - Issues Deleted          0        0s
2019-02-25 18:10:00,001 INFO  c.c.d.collector.CollectorTask - Running Collector: GitlabFeature
2019-02-25 18:10:00,010 INFO  c.c.d.collector.CollectorTask - -----------------------------------
2019-02-25 18:10:00,011 INFO  c.c.d.collector.CollectorTask - Starting...
2019-02-25 18:10:00,011 INFO  c.c.d.collector.CollectorTask - -----------------------------------
2019-02-25 18:10:00,049 INFO  c.c.d.gitlab.DefaultGitlabClient - Could not retrieve data from the following URI: http://Gitlab-bic:80/api/v4/projects/http%3A%2F%2FGitlab-BIC%2FBI-Clinical%2FRMM%2FRMM/boards?per_page=100
2019-02-25 18:10:00,051 INFO  c.c.d.gitlab.DefaultGitlabClient - Could not retrieve data from the following URI: http://Gitlab-bic:80/api/v4/projects/128%2F10313/boards?per_page=100
2019-02-25 18:10:00,051 INFO  c.c.d.gitlab.DefaultGitlabClient - Could not retrieve data from the following URI: http://Gitlab-bic:80/api/v4/projects/Lalit+Agrawal%2FBIC_Framework/boards?per_page=100
2019-02-25 18:10:00,071 INFO  c.c.d.gitlab.DefaultGitlabClient - Could not retrieve data from the following URI: http://Gitlab-bic:80/api/v4/projects/http%3A%2F%2FGitlab-BIC%2FBI-Clinical%2FRMM%2FRMM/issues?per_page=100
2019-02-25 18:10:00,075 INFO  c.c.d.gitlab.DefaultGitlabClient - Could not retrieve data from the following URI: http://Gitlab-bic:80/api/v4/projects/128%2F10313/issues?per_page=100
2019-02-25 18:10:00,075 INFO  c.c.d.gitlab.DefaultGitlabClient - Could not retrieve data from the following URI: http://Gitlab-bic:80/api/v4/projects/Lalit+Agrawal%2FBIC_Framework/issues?per_page=100
2019-02-25 18:10:00,078 INFO  c.c.d.collector.CollectorTask - Issues Added/Updated    0        0s
2019-02-25 18:10:00,078 INFO  c.c.d.collector.CollectorTask - Issues Deleted          0        0s
2019-02-25 18:10:27,706 INFO  o.s.c.a.AnnotationConfigApplicationContext - Closing org.springframework.context.annotation.AnnotationConfigApplicationContext@480f79d0: startup date [Mon Feb 25 18:07:29 IST 2019]; parent: org.springframework.context.annotation.AnnotationConfigApplicationContext@3fe1824b
2019-02-25 18:10:27,715 INFO  o.s.j.e.a.AnnotationMBeanExporter - Unregistering JMX-exposed beans on shutdown
2019-02-25 18:10:27,716 INFO  o.s.j.e.a.AnnotationMBeanExporter - Unregistering JMX-exposed beans
2019-02-25 18:10:27,737 INFO  o.s.s.c.ThreadPoolTaskScheduler - Shutting down ExecutorService 'taskScheduler'
2019-02-25 18:13:17,853 INFO  o.s.c.a.AnnotationConfigApplicationContext - Refreshing org.springframework.context.annotation.AnnotationConfigApplicationContext@3fe1824b: startup date [Mon Feb 25 18:13:17 IST 2019]; root of context hierarchy
2019-02-25 18:13:17,908 INFO  o.h.validator.internal.util.Version - HV000001: Hibernate Validator 5.2.2.Final
2019-02-25 18:13:18,151 INFO  o.s.b.f.a.AutowiredAnnotationBeanPostProcessor - JSR-330 'javax.inject.Inject' annotation found and supported for autowiring
2019-02-25 18:13:18,264 INFO  o.s.c.s.PostProcessorRegistrationDelegate$BeanPostProcessorChecker - Bean 'configurationPropertiesRebinderAutoConfiguration' of type [class org.springframework.cloud.autoconfigure.ConfigurationPropertiesRebinderAutoConfiguration$$EnhancerBySpringCGLIB$$1a2aea30] is not eligible for getting processed by all BeanPostProcessors (for example: not eligible for auto-proxying)
2019-02-25 18:13:18,544 INFO  o.s.c.c.c.ConfigServicePropertySourceLocator - Fetching config from server at: http://localhost:8888
2019-02-25 18:13:18,691 WARN  o.s.c.c.c.ConfigServicePropertySourceLocator - Could not locate PropertySource: I/O error on GET request for "http://localhost:8888/application/default": Connection refused (Connection refused); nested exception is java.net.ConnectException: Connection refused (Connection refused)
2019-02-25 18:13:18,692 INFO  com.capitalone.dashboard.Application - No profiles are active
2019-02-25 18:13:18,709 INFO  o.s.c.a.AnnotationConfigApplicationContext - Refreshing org.springframework.context.annotation.AnnotationConfigApplicationContext@480f79d0: startup date [Mon Feb 25 18:13:18 IST 2019]; parent: org.springframework.context.annotation.AnnotationConfigApplicationContext@3fe1824b
2019-02-25 18:13:20,109 INFO  o.s.cloud.context.scope.GenericScope - BeanFactory id=e9eeabd9-0825-3756-b1e5-7fbca0d8eea7
2019-02-25 18:13:20,114 INFO  c.u.j.EnableEncryptablePropertySourcesPostProcessor - Post-processing PropertySource instances
2019-02-25 18:13:20,122 INFO  c.u.j.c.StringEncryptorConfiguration - String Encryptor custom Bean not found with name 'jasyptStringEncryptor'. Initializing String Encryptor based on properties with name 'jasyptStringEncryptor'
2019-02-25 18:13:20,127 INFO  c.u.j.EnableEncryptablePropertySourcesPostProcessor - Converting PropertySource commandLineArgs [org.springframework.core.env.SimpleCommandLinePropertySource] to EncryptableEnumerablePropertySourceWrapper
2019-02-25 18:13:20,127 INFO  c.u.j.EnableEncryptablePropertySourcesPostProcessor - Converting PropertySource systemProperties [org.springframework.core.env.MapPropertySource] to EncryptableMapPropertySourceWrapper
2019-02-25 18:13:20,127 INFO  c.u.j.EnableEncryptablePropertySourcesPostProcessor - Converting PropertySource systemEnvironment [org.springframework.core.env.SystemEnvironmentPropertySource] to EncryptableMapPropertySourceWrapper
2019-02-25 18:13:20,127 INFO  c.u.j.EnableEncryptablePropertySourcesPostProcessor - Converting PropertySource random [org.springframework.boot.context.config.RandomValuePropertySource] to EncryptablePropertySourceWrapper
2019-02-25 18:13:20,127 INFO  c.u.j.EnableEncryptablePropertySourcesPostProcessor - Converting PropertySource applicationConfig: [file:../gitlabfeature.properties] [org.springframework.core.env.PropertiesPropertySource] to EncryptableMapPropertySourceWrapper
2019-02-25 18:13:20,127 INFO  c.u.j.EnableEncryptablePropertySourcesPostProcessor - Converting PropertySource springCloudClientHostInfo [org.springframework.core.env.MapPropertySource] to EncryptableMapPropertySourceWrapper
2019-02-25 18:13:20,127 INFO  c.u.j.EnableEncryptablePropertySourcesPostProcessor - Converting PropertySource defaultProperties [org.springframework.core.env.MapPropertySource] to EncryptableMapPropertySourceWrapper
2019-02-25 18:13:20,131 INFO  o.s.b.f.a.AutowiredAnnotationBeanPostProcessor - JSR-330 'javax.inject.Inject' annotation found and supported for autowiring
2019-02-25 18:13:20,152 INFO  o.s.c.s.PostProcessorRegistrationDelegate$BeanPostProcessorChecker - Bean 'application' of type [class com.capitalone.dashboard.Application$$EnhancerBySpringCGLIB$$67fd484b] is not eligible for getting processed by all BeanPostProcessors (for example: not eligible for auto-proxying)
2019-02-25 18:13:20,168 INFO  o.s.s.a.AsyncAnnotationBeanPostProcessor - No TaskExecutor bean found for async annotation processing.
2019-02-25 18:13:20,198 INFO  o.s.c.s.PostProcessorRegistrationDelegate$BeanPostProcessorChecker - Bean 'org.springframework.cloud.autoconfigure.ConfigurationPropertiesRebinderAutoConfiguration' of type [class org.springframework.cloud.autoconfigure.ConfigurationPropertiesRebinderAutoConfiguration$$EnhancerBySpringCGLIB$$1a2aea30] is not eligible for getting processed by all BeanPostProcessors (for example: not eligible for auto-proxying)
2019-02-25 18:13:20,329 INFO  c.c.dashboard.config.MongoConfig - ReplicaSetfalse
2019-02-25 18:13:20,392 INFO  c.c.dashboard.config.MongoConfig - Initializing Mongo Client server at: localhost:27017
2019-02-25 18:13:20,418 INFO  org.mongodb.driver.cluster - Cluster created with settings {hosts=[localhost:27017], mode=SINGLE, requiredClusterType=UNKNOWN, serverSelectionTimeout='30000 ms', maxWaitQueueSize=500}
2019-02-25 18:13:20,478 INFO  c.c.dashboard.config.MongoConfig - Connecting to Mongo: Mongo{options=MongoClientOptions{description='null', readPreference=primary, writeConcern=WriteConcern{w=1, wtimeout=0, fsync=false, j=false, codecRegistry=org.bson.codecs.configuration.ProvidersCodecRegistry@2fd8b2a5, minConnectionsPerHost=0, maxConnectionsPerHost=100, threadsAllowedToBlockForConnectionMultiplier=5, serverSelectionTimeout=30000, maxWaitTime=120000, maxConnectionIdleTime=0, maxConnectionLifeTime=0, connectTimeout=10000, socketTimeout=0, socketKeepAlive=false, sslEnabled=false, sslInvalidHostNamesAllowed=false, alwaysUseMBeans=false, heartbeatFrequency=10000, minHeartbeatFrequency=500, heartbeatConnectTimeout=20000, heartbeatSocketTimeout=20000, localThreshold=15, requiredReplicaSetName='null', dbDecoderFactory=com.mongodb.DefaultDBDecoder$1@507949a9, dbEncoderFactory=com.mongodb.DefaultDBEncoder$1@5467a2dc, socketFactory=javax.net.DefaultSocketFactory@3c015bcb, cursorFinalizerEnabled=true, connectionPoolSettings=ConnectionPoolSettings{maxSize=100, minSize=0, maxWaitQueueSize=500, maxWaitTimeMS=120000, maxConnectionLifeTimeMS=0, maxConnectionIdleTimeMS=0, maintenanceInitialDelayMS=0, maintenanceFrequencyMS=60000}, socketSettings=SocketSettings{connectTimeoutMS=10000, readTimeoutMS=0, keepAlive=false, receiveBufferSize=0, sendBufferSize=0}, serverSettings=ServerSettings{heartbeatFrequencyMS=10000, minHeartbeatFrequencyMS=500}, heartbeatSocketSettings=SocketSettings{connectTimeoutMS=20000, readTimeoutMS=20000, keepAlive=false, receiveBufferSize=0, sendBufferSize=0}}}
2019-02-25 18:13:20,530 INFO  org.mongodb.driver.connection - Opened connection [connectionId{localValue:1, serverValue:1017}] to localhost:27017
2019-02-25 18:13:20,533 INFO  org.mongodb.driver.cluster - Monitor thread successfully connected to server with description ServerDescription{address=localhost:27017, type=STANDALONE, state=CONNECTED, ok=true, version=ServerVersion{versionList=[3, 4, 19]}, minWireVersion=0, maxWireVersion=5, electionId=null, maxDocumentSize=16777216, roundTripTimeNanos=1929045}
2019-02-25 18:13:20,641 INFO  org.mongodb.driver.connection - Opened connection [connectionId{localValue:2, serverValue:1018}] to localhost:27017
2019-02-25 18:13:20,859 INFO  o.s.s.c.ThreadPoolTaskScheduler - Initializing ExecutorService  'taskScheduler'
2019-02-25 18:13:21,211 INFO  c.c.dashboard.config.MongoConfig - ReplicaSetfalse
2019-02-25 18:13:21,211 INFO  c.c.dashboard.config.MongoConfig - Initializing Mongo Client server at: localhost:27017
2019-02-25 18:13:21,212 INFO  org.mongodb.driver.cluster - Cluster created with settings {hosts=[localhost:27017], mode=SINGLE, requiredClusterType=UNKNOWN, serverSelectionTimeout='30000 ms', maxWaitQueueSize=500}
2019-02-25 18:13:21,213 INFO  c.c.dashboard.config.MongoConfig - Connecting to Mongo: Mongo{options=MongoClientOptions{description='null', readPreference=primary, writeConcern=WriteConcern{w=1, wtimeout=0, fsync=false, j=false, codecRegistry=org.bson.codecs.configuration.ProvidersCodecRegistry@2fd8b2a5, minConnectionsPerHost=0, maxConnectionsPerHost=100, threadsAllowedToBlockForConnectionMultiplier=5, serverSelectionTimeout=30000, maxWaitTime=120000, maxConnectionIdleTime=0, maxConnectionLifeTime=0, connectTimeout=10000, socketTimeout=0, socketKeepAlive=false, sslEnabled=false, sslInvalidHostNamesAllowed=false, alwaysUseMBeans=false, heartbeatFrequency=10000, minHeartbeatFrequency=500, heartbeatConnectTimeout=20000, heartbeatSocketTimeout=20000, localThreshold=15, requiredReplicaSetName='null', dbDecoderFactory=com.mongodb.DefaultDBDecoder$1@507949a9, dbEncoderFactory=com.mongodb.DefaultDBEncoder$1@5467a2dc, socketFactory=javax.net.DefaultSocketFactory@3c015bcb, cursorFinalizerEnabled=true, connectionPoolSettings=ConnectionPoolSettings{maxSize=100, minSize=0, maxWaitQueueSize=500, maxWaitTimeMS=120000, maxConnectionLifeTimeMS=0, maxConnectionIdleTimeMS=0, maintenanceInitialDelayMS=0, maintenanceFrequencyMS=60000}, socketSettings=SocketSettings{connectTimeoutMS=10000, readTimeoutMS=0, keepAlive=false, receiveBufferSize=0, sendBufferSize=0}, serverSettings=ServerSettings{heartbeatFrequencyMS=10000, minHeartbeatFrequencyMS=500}, heartbeatSocketSettings=SocketSettings{connectTimeoutMS=20000, readTimeoutMS=20000, keepAlive=false, receiveBufferSize=0, sendBufferSize=0}}}
2019-02-25 18:13:21,220 INFO  c.c.dashboard.config.MongoConfig - ReplicaSetfalse
2019-02-25 18:13:21,220 INFO  c.c.dashboard.config.MongoConfig - Initializing Mongo Client server at: localhost:27017
2019-02-25 18:13:21,220 INFO  org.mongodb.driver.cluster - Cluster created with settings {hosts=[localhost:27017], mode=SINGLE, requiredClusterType=UNKNOWN, serverSelectionTimeout='30000 ms', maxWaitQueueSize=500}
2019-02-25 18:13:21,220 INFO  org.mongodb.driver.connection - Opened connection [connectionId{localValue:3, serverValue:1019}] to localhost:27017
2019-02-25 18:13:21,221 INFO  c.c.dashboard.config.MongoConfig - Connecting to Mongo: Mongo{options=MongoClientOptions{description='null', readPreference=primary, writeConcern=WriteConcern{w=1, wtimeout=0, fsync=false, j=false, codecRegistry=org.bson.codecs.configuration.ProvidersCodecRegistry@2fd8b2a5, minConnectionsPerHost=0, maxConnectionsPerHost=100, threadsAllowedToBlockForConnectionMultiplier=5, serverSelectionTimeout=30000, maxWaitTime=120000, maxConnectionIdleTime=0, maxConnectionLifeTime=0, connectTimeout=10000, socketTimeout=0, socketKeepAlive=false, sslEnabled=false, sslInvalidHostNamesAllowed=false, alwaysUseMBeans=false, heartbeatFrequency=10000, minHeartbeatFrequency=500, heartbeatConnectTimeout=20000, heartbeatSocketTimeout=20000, localThreshold=15, requiredReplicaSetName='null', dbDecoderFactory=com.mongodb.DefaultDBDecoder$1@507949a9, dbEncoderFactory=com.mongodb.DefaultDBEncoder$1@5467a2dc, socketFactory=javax.net.DefaultSocketFactory@3c015bcb, cursorFinalizerEnabled=true, connectionPoolSettings=ConnectionPoolSettings{maxSize=100, minSize=0, maxWaitQueueSize=500, maxWaitTimeMS=120000, maxConnectionLifeTimeMS=0, maxConnectionIdleTimeMS=0, maintenanceInitialDelayMS=0, maintenanceFrequencyMS=60000}, socketSettings=SocketSettings{connectTimeoutMS=10000, readTimeoutMS=0, keepAlive=false, receiveBufferSize=0, sendBufferSize=0}, serverSettings=ServerSettings{heartbeatFrequencyMS=10000, minHeartbeatFrequencyMS=500}, heartbeatSocketSettings=SocketSettings{connectTimeoutMS=20000, readTimeoutMS=20000, keepAlive=false, receiveBufferSize=0, sendBufferSize=0}}}
2019-02-25 18:13:21,222 INFO  org.mongodb.driver.cluster - Monitor thread successfully connected to server with description ServerDescription{address=localhost:27017, type=STANDALONE, state=CONNECTED, ok=true, version=ServerVersion{versionList=[3, 4, 19]}, minWireVersion=0, maxWireVersion=5, electionId=null, maxDocumentSize=16777216, roundTripTimeNanos=1503235}
2019-02-25 18:13:21,233 INFO  org.mongodb.driver.connection - Opened connection [connectionId{localValue:4, serverValue:1020}] to localhost:27017
2019-02-25 18:13:21,234 INFO  org.mongodb.driver.cluster - Monitor thread successfully connected to server with description ServerDescription{address=localhost:27017, type=STANDALONE, state=CONNECTED, ok=true, version=ServerVersion{versionList=[3, 4, 19]}, minWireVersion=0, maxWireVersion=5, electionId=null, maxDocumentSize=16777216, roundTripTimeNanos=261206}
2019-02-25 18:13:21,776 INFO  c.c.dashboard.config.MongoConfig - ReplicaSetfalse
2019-02-25 18:13:21,776 INFO  c.c.dashboard.config.MongoConfig - Initializing Mongo Client server at: localhost:27017
2019-02-25 18:13:21,777 INFO  org.mongodb.driver.cluster - Cluster created with settings {hosts=[localhost:27017], mode=SINGLE, requiredClusterType=UNKNOWN, serverSelectionTimeout='30000 ms', maxWaitQueueSize=500}
2019-02-25 18:13:21,786 INFO  c.c.dashboard.config.MongoConfig - Connecting to Mongo: Mongo{options=MongoClientOptions{description='null', readPreference=primary, writeConcern=WriteConcern{w=1, wtimeout=0, fsync=false, j=false, codecRegistry=org.bson.codecs.configuration.ProvidersCodecRegistry@2fd8b2a5, minConnectionsPerHost=0, maxConnectionsPerHost=100, threadsAllowedToBlockForConnectionMultiplier=5, serverSelectionTimeout=30000, maxWaitTime=120000, maxConnectionIdleTime=0, maxConnectionLifeTime=0, connectTimeout=10000, socketTimeout=0, socketKeepAlive=false, sslEnabled=false, sslInvalidHostNamesAllowed=false, alwaysUseMBeans=false, heartbeatFrequency=10000, minHeartbeatFrequency=500, heartbeatConnectTimeout=20000, heartbeatSocketTimeout=20000, localThreshold=15, requiredReplicaSetName='null', dbDecoderFactory=com.mongodb.DefaultDBDecoder$1@507949a9, dbEncoderFactory=com.mongodb.DefaultDBEncoder$1@5467a2dc, socketFactory=javax.net.DefaultSocketFactory@3c015bcb, cursorFinalizerEnabled=true, connectionPoolSettings=ConnectionPoolSettings{maxSize=100, minSize=0, maxWaitQueueSize=500, maxWaitTimeMS=120000, maxConnectionLifeTimeMS=0, maxConnectionIdleTimeMS=0, maintenanceInitialDelayMS=0, maintenanceFrequencyMS=60000}, socketSettings=SocketSettings{connectTimeoutMS=10000, readTimeoutMS=0, keepAlive=false, receiveBufferSize=0, sendBufferSize=0}, serverSettings=ServerSettings{heartbeatFrequencyMS=10000, minHeartbeatFrequencyMS=500}, heartbeatSocketSettings=SocketSettings{connectTimeoutMS=20000, readTimeoutMS=20000, keepAlive=false, receiveBufferSize=0, sendBufferSize=0}}}
2019-02-25 18:13:21,789 INFO  org.mongodb.driver.connection - Opened connection [connectionId{localValue:5, serverValue:1021}] to localhost:27017
2019-02-25 18:13:21,789 INFO  org.mongodb.driver.cluster - Monitor thread successfully connected to server with description ServerDescription{address=localhost:27017, type=STANDALONE, state=CONNECTED, ok=true, version=ServerVersion{versionList=[3, 4, 19]}, minWireVersion=0, maxWireVersion=5, electionId=null, maxDocumentSize=16777216, roundTripTimeNanos=293806}
2019-02-25 18:13:22,440 INFO  o.s.j.e.a.AnnotationMBeanExporter - Registering beans for JMX exposure on startup
2019-02-25 18:13:22,449 INFO  o.s.j.e.a.AnnotationMBeanExporter - Bean with name 'configurationPropertiesRebinder' has been autodetected for JMX exposure
2019-02-25 18:13:22,449 INFO  o.s.j.e.a.AnnotationMBeanExporter - Bean with name 'environmentManager' has been autodetected for JMX exposure
2019-02-25 18:13:22,450 INFO  o.s.j.e.a.AnnotationMBeanExporter - Bean with name 'refreshScope' has been autodetected for JMX exposure
2019-02-25 18:13:22,451 INFO  o.s.j.e.a.AnnotationMBeanExporter - Located managed bean 'environmentManager': registering with JMX server as MBean [org.springframework.cloud.context.environment:name=environmentManager,type=EnvironmentManager]
2019-02-25 18:13:22,463 INFO  o.s.j.e.a.AnnotationMBeanExporter - Located managed bean 'refreshScope': registering with JMX server as MBean [org.springframework.cloud.context.scope.refresh:name=refreshScope,type=RefreshScope]
2019-02-25 18:13:22,469 INFO  o.s.j.e.a.AnnotationMBeanExporter - Located managed bean 'configurationPropertiesRebinder': registering with JMX server as MBean [org.springframework.cloud.context.properties:name=configurationPropertiesRebinder,context=480f79d0,type=ConfigurationPropertiesRebinder]
2019-02-25 18:13:22,529 INFO  com.capitalone.dashboard.Application - Started Application in 5.127 seconds (JVM running for 5.748)
2019-02-25 18:14:00,001 INFO  c.c.d.collector.CollectorTask - Running Collector: GitlabFeature
2019-02-25 18:14:00,034 INFO  c.c.d.collector.CollectorTask - -----------------------------------
2019-02-25 18:14:00,034 INFO  c.c.d.collector.CollectorTask - Starting...
2019-02-25 18:14:00,034 INFO  c.c.d.collector.CollectorTask - -----------------------------------
2019-02-25 18:14:00,123 INFO  c.c.d.gitlab.DefaultGitlabClient - Could not retrieve data from the following URI: http://Gitlab-bic:80/api/v4/projects/Lalit+Agrawal%2FBIC_Framework/boards?per_page=100
2019-02-25 18:14:00,123 INFO  c.c.d.gitlab.DefaultGitlabClient - Could not retrieve data from the following URI: http://Gitlab-bic:80/api/v4/projects/http%3A%2F%2FGitlab-BIC%2FBI-Clinical%2FRMM%2FRMM/boards?per_page=100
2019-02-25 18:14:00,123 INFO  c.c.d.gitlab.DefaultGitlabClient - Could not retrieve data from the following URI: http://Gitlab-bic:80/api/v4/projects/128%2F10313/boards?per_page=100
2019-02-25 18:14:00,145 INFO  c.c.d.gitlab.DefaultGitlabClient - Could not retrieve data from the following URI: http://Gitlab-bic:80/api/v4/projects/128%2F10313/issues?per_page=100
2019-02-25 18:14:00,145 INFO  c.c.d.gitlab.DefaultGitlabClient - Could not retrieve data from the following URI: http://Gitlab-bic:80/api/v4/projects/Lalit+Agrawal%2FBIC_Framework/issues?per_page=100
2019-02-25 18:14:00,148 INFO  c.c.d.gitlab.DefaultGitlabClient - Could not retrieve data from the following URI: http://Gitlab-bic:80/api/v4/projects/http%3A%2F%2FGitlab-BIC%2FBI-Clinical%2FRMM%2FRMM/issues?per_page=100
2019-02-25 18:14:00,168 INFO  c.c.d.collector.CollectorTask - Issues Added/Updated    0        0s
2019-02-25 18:14:00,168 INFO  c.c.d.collector.CollectorTask - Issues Deleted          0        0s
2019-02-25 18:15:00,001 INFO  c.c.d.collector.CollectorTask - Running Collector: GitlabFeature
2019-02-25 18:15:00,013 INFO  c.c.d.collector.CollectorTask - -----------------------------------
2019-02-25 18:15:00,014 INFO  c.c.d.collector.CollectorTask - Starting...
2019-02-25 18:15:00,014 INFO  c.c.d.collector.CollectorTask - -----------------------------------
2019-02-25 18:15:00,056 INFO  c.c.d.gitlab.DefaultGitlabClient - Could not retrieve data from the following URI: http://Gitlab-bic:80/api/v4/projects/Lalit+Agrawal%2FBIC_Framework/boards?per_page=100
2019-02-25 18:15:00,061 INFO  c.c.d.gitlab.DefaultGitlabClient - Could not retrieve data from the following URI: http://Gitlab-bic:80/api/v4/projects/128%2F10313/boards?per_page=100
2019-02-25 18:15:00,063 INFO  c.c.d.gitlab.DefaultGitlabClient - Could not retrieve data from the following URI: http://Gitlab-bic:80/api/v4/projects/http%3A%2F%2FGitlab-BIC%2FBI-Clinical%2FRMM%2FRMM/boards?per_page=100
2019-02-25 18:15:00,070 INFO  c.c.d.gitlab.DefaultGitlabClient - Could not retrieve data from the following URI: http://Gitlab-bic:80/api/v4/projects/Lalit+Agrawal%2FBIC_Framework/issues?per_page=100
2019-02-25 18:15:00,076 INFO  c.c.d.gitlab.DefaultGitlabClient - Could not retrieve data from the following URI: http://Gitlab-bic:80/api/v4/projects/128%2F10313/issues?per_page=100
2019-02-25 18:15:00,079 INFO  c.c.d.gitlab.DefaultGitlabClient - Could not retrieve data from the following URI: http://Gitlab-bic:80/api/v4/projects/http%3A%2F%2FGitlab-BIC%2FBI-Clinical%2FRMM%2FRMM/issues?per_page=100
2019-02-25 18:15:00,081 INFO  c.c.d.collector.CollectorTask - Issues Added/Updated    0        0s
2019-02-25 18:15:00,081 INFO  c.c.d.collector.CollectorTask - Issues Deleted          0        0s
2019-02-25 18:16:00,000 INFO  c.c.d.collector.CollectorTask - Running Collector: GitlabFeature
2019-02-25 18:16:00,010 INFO  c.c.d.collector.CollectorTask - -----------------------------------
2019-02-25 18:16:00,010 INFO  c.c.d.collector.CollectorTask - Starting...
2019-02-25 18:16:00,010 INFO  c.c.d.collector.CollectorTask - -----------------------------------
2019-02-25 18:16:00,037 INFO  c.c.d.gitlab.DefaultGitlabClient - Could not retrieve data from the following URI: http://Gitlab-bic:80/api/v4/projects/128%2F10313/boards?per_page=100
2019-02-25 18:16:00,038 INFO  c.c.d.gitlab.DefaultGitlabClient - Could not retrieve data from the following URI: http://Gitlab-bic:80/api/v4/projects/http%3A%2F%2FGitlab-BIC%2FBI-Clinical%2FRMM%2FRMM/boards?per_page=100
2019-02-25 18:16:00,053 INFO  c.c.d.gitlab.DefaultGitlabClient - Could not retrieve data from the following URI: http://Gitlab-bic:80/api/v4/projects/128%2F10313/issues?per_page=100
2019-02-25 18:16:00,065 INFO  c.c.d.gitlab.DefaultGitlabClient - Could not retrieve data from the following URI: http://Gitlab-bic:80/api/v4/projects/http%3A%2F%2FGitlab-BIC%2FBI-Clinical%2FRMM%2FRMM/issues?per_page=100
2019-02-25 18:16:00,223 INFO  c.c.d.collector.CollectorTask - Issues Added/Updated    1        0s
2019-02-25 18:16:00,224 INFO  c.c.d.collector.CollectorTask - Issues Deleted          0        0s
2019-02-25 18:16:29,471 INFO  o.s.c.a.AnnotationConfigApplicationContext - Closing org.springframework.context.annotation.AnnotationConfigApplicationContext@480f79d0: startup date [Mon Feb 25 18:13:18 IST 2019]; parent: org.springframework.context.annotation.AnnotationConfigApplicationContext@3fe1824b
2019-02-25 18:16:29,483 INFO  o.s.j.e.a.AnnotationMBeanExporter - Unregistering JMX-exposed beans on shutdown
2019-02-25 18:16:29,484 INFO  o.s.j.e.a.AnnotationMBeanExporter - Unregistering JMX-exposed beans
2019-02-25 18:16:29,520 INFO  o.s.s.c.ThreadPoolTaskScheduler - Shutting down ExecutorService 'taskScheduler'
